2011.11.02 09:41 B G:\WEBDATA\Internet Site - dmvNOW.com\Service Locations\New CSC Photos\CSC Images for Web\CSC Web Final\3inT.jpg --> itsdev-ftp /wsdweb/images/csc 3inT.jpg
2011.11.02 09:41 B G:\WEBDATA\Internet Site - dmvNOW.com\Service Locations\New CSC Photos\CSC Images for Web\CSC Web Final\3inF.jpg --> itsdev-ftp /wsdweb/images/csc 3inF.jpg
2011.11.02 09:41 B G:\WEBDATA\Internet Site - dmvNOW.com\Service Locations\New CSC Photos\CSC Images for Web\CSC Web Final\3exT.jpg --> itsdev-ftp /wsdweb/images/csc 3exT.jpg
2011.11.02 09:41 B G:\WEBDATA\Internet Site - dmvNOW.com\Service Locations\New CSC Photos\CSC Images for Web\CSC Web Final\3exF.jpg --> itsdev-ftp /wsdweb/images/csc 3exF.jpg
2012.01.09 13:07 B Z:\Inetpub\wwwroot\images\csc\12inT.jpg --> webftp /shared/WebServices/1HW 12inT.jpg
2012.01.09 13:07 B Z:\Inetpub\wwwroot\images\csc\12inF.jpg --> webftp /shared/WebServices/1HW 12inF.jpg
2012.01.09 13:07 B Z:\Inetpub\wwwroot\images\csc\12exT.jpg --> webftp /shared/WebServices/1HW 12exT.jpg
2012.01.09 13:07 B Z:\Inetpub\wwwroot\images\csc\12exF.jpg --> webftp /shared/WebServices/1HW 12exF.jpg
2013.02.20 10:17 B X:\Inetpub\DMVNew\img\csc\100exF.jpg --> webftp /shared/WebServices/DMVNEW-DMVNOW/img/csc 100exF.jpg
2013.02.20 10:17 B X:\Inetpub\DMVNew\img\csc\100exT.jpg --> webftp /shared/WebServices/DMVNEW-DMVNOW/img/csc 100exT.jpg
2013.02.20 10:17 B X:\Inetpub\DMVNew\img\csc\100inF.jpg --> webftp /shared/WebServices/DMVNEW-DMVNOW/img/csc 100inF.jpg
2013.02.20 10:17 B X:\Inetpub\DMVNew\img\csc\100inT.jpg --> webftp /shared/WebServices/DMVNEW-DMVNOW/img/csc 100inT.jpg
2013.02.20 10:17 B X:\Inetpub\DMVNew\img\csc\101exF.jpg --> webftp /shared/WebServices/DMVNEW-DMVNOW/img/csc 101exF.jpg
2013.02.20 10:17 B X:\Inetpub\DMVNew\img\csc\101exT.jpg --> webftp /shared/WebServices/DMVNEW-DMVNOW/img/csc 101exT.jpg
2013.02.20 10:17 B X:\Inetpub\DMVNew\img\csc\101inF.jpg --> webftp /shared/WebServices/DMVNEW-DMVNOW/img/csc 101inF.jpg
2013.02.20 10:17 B X:\Inetpub\DMVNew\img\csc\101inT.jpg --> webftp /shared/WebServices/DMVNEW-DMVNOW/img/csc 101inT.jpg
2013.02.20 10:17 B X:\Inetpub\DMVNew\img\csc\10exF.jpg --> webftp /shared/WebServices/DMVNEW-DMVNOW/img/csc 10exF.jpg
2013.02.20 10:17 B X:\Inetpub\DMVNew\img\csc\10exT.jpg --> webftp /shared/WebServices/DMVNEW-DMVNOW/img/csc 10exT.jpg
2013.02.20 10:17 B X:\Inetpub\DMVNew\img\csc\10inF.jpg --> webftp /shared/WebServices/DMVNEW-DMVNOW/img/csc 10inF.jpg
2013.02.20 10:17 B X:\Inetpub\DMVNew\img\csc\10inT.jpg --> webftp /shared/WebServices/DMVNEW-DMVNOW/img/csc 10inT.jpg
2013.02.20 10:17 B X:\Inetpub\DMVNew\img\csc\11exF.jpg --> webftp /shared/WebServices/DMVNEW-DMVNOW/img/csc 11exF.jpg
2013.02.20 10:17 B X:\Inetpub\DMVNew\img\csc\11exT.jpg --> webftp /shared/WebServices/DMVNEW-DMVNOW/img/csc 11exT.jpg
2013.02.20 10:17 B X:\Inetpub\DMVNew\img\csc\11inF.jpg --> webftp /shared/WebServices/DMVNEW-DMVNOW/img/csc 11inF.jpg
2013.02.20 10:17 B X:\Inetpub\DMVNew\img\csc\11inT.jpg --> webftp /shared/WebServices/DMVNEW-DMVNOW/img/csc 11inT.jpg
2013.02.20 10:17 B X:\Inetpub\DMVNew\img\csc\125exF.jpg --> webftp /shared/WebServices/DMVNEW-DMVNOW/img/csc 125exF.jpg
2013.02.20 10:17 B X:\Inetpub\DMVNew\img\csc\125exT.jpg --> webftp /shared/WebServices/DMVNEW-DMVNOW/img/csc 125exT.jpg
2013.02.20 10:17 B X:\Inetpub\DMVNew\img\csc\125inF.jpg --> webftp /shared/WebServices/DMVNEW-DMVNOW/img/csc 125inF.jpg
2013.02.20 10:17 B X:\Inetpub\DMVNew\img\csc\125inT.jpg --> webftp /shared/WebServices/DMVNEW-DMVNOW/img/csc 125inT.jpg
2013.02.20 10:17 B X:\Inetpub\DMVNew\img\csc\128exF.jpg --> webftp /shared/WebServices/DMVNEW-DMVNOW/img/csc 128exF.jpg
2013.02.20 10:17 B X:\Inetpub\DMVNew\img\csc\128exT.jpg --> webftp /shared/WebServices/DMVNEW-DMVNOW/img/csc 128exT.jpg
2013.02.20 10:17 B X:\Inetpub\DMVNew\img\csc\128inF.jpg --> webftp /shared/WebServices/DMVNEW-DMVNOW/img/csc 128inF.jpg
2013.02.20 10:18 B X:\Inetpub\DMVNew\img\csc\128inT.jpg --> webftp /shared/WebServices/DMVNEW-DMVNOW/img/csc 128inT.jpg
2013.02.20 10:18 B X:\Inetpub\DMVNew\img\csc\12exF.jpg --> webftp /shared/WebServices/DMVNEW-DMVNOW/img/csc 12exF.jpg
2013.02.20 10:18 B X:\Inetpub\DMVNew\img\csc\12exT.jpg --> webftp /shared/WebServices/DMVNEW-DMVNOW/img/csc 12exT.jpg
2013.02.20 10:18 B X:\Inetpub\DMVNew\img\csc\12inF.jpg --> webftp /shared/WebServices/DMVNEW-DMVNOW/img/csc 12inF.jpg
2013.02.20 10:18 B X:\Inetpub\DMVNew\img\csc\12inT.jpg --> webftp /shared/WebServices/DMVNEW-DMVNOW/img/csc 12inT.jpg
2013.02.20 10:18 B X:\Inetpub\DMVNew\img\csc\132exF.jpg --> webftp /shared/WebServices/DMVNEW-DMVNOW/img/csc 132exF.jpg
2013.02.20 10:18 B X:\Inetpub\DMVNew\img\csc\132exT.jpg --> webftp /shared/WebServices/DMVNEW-DMVNOW/img/csc 132exT.jpg
2013.02.20 10:18 B X:\Inetpub\DMVNew\img\csc\132inF.jpg --> webftp /shared/WebServices/DMVNEW-DMVNOW/img/csc 132inF.jpg
2013.02.20 10:18 B X:\Inetpub\DMVNew\img\csc\132inT.jpg --> webftp /shared/WebServices/DMVNEW-DMVNOW/img/csc 132inT.jpg
2013.02.20 10:18 B X:\Inetpub\DMVNew\img\csc\133exF.jpg --> webftp /shared/WebServices/DMVNEW-DMVNOW/img/csc 133exF.jpg
2013.02.20 10:18 B X:\Inetpub\DMVNew\img\csc\133exT.jpg --> webftp /shared/WebServices/DMVNEW-DMVNOW/img/csc 133exT.jpg
2013.02.20 10:18 B X:\Inetpub\DMVNew\img\csc\133inF.jpg --> webftp /shared/WebServices/DMVNEW-DMVNOW/img/csc 133inF.jpg
2013.02.20 10:18 B X:\Inetpub\DMVNew\img\csc\133inT.jpg --> webftp /shared/WebServices/DMVNEW-DMVNOW/img/csc 133inT.jpg
2013.02.20 10:18 B X:\Inetpub\DMVNew\img\csc\136exF.jpg --> webftp /shared/WebServices/DMVNEW-DMVNOW/img/csc 136exF.jpg
2013.02.20 10:18 B X:\Inetpub\DMVNew\img\csc\136exT.jpg --> webftp /shared/WebServices/DMVNEW-DMVNOW/img/csc 136exT.jpg
2013.02.20 10:18 B X:\Inetpub\DMVNew\img\csc\136inF.jpg --> webftp /shared/WebServices/DMVNEW-DMVNOW/img/csc 136inF.jpg
2013.02.20 10:18 B X:\Inetpub\DMVNew\img\csc\136inT.jpg --> webftp /shared/WebServices/DMVNEW-DMVNOW/img/csc 136inT.jpg
2013.02.20 10:18 B X:\Inetpub\DMVNew\img\csc\137exF.jpg --> webftp /shared/WebServices/DMVNEW-DMVNOW/img/csc 137exF.jpg
2013.02.20 10:18 B X:\Inetpub\DMVNew\img\csc\137exT.jpg --> webftp /shared/WebServices/DMVNEW-DMVNOW/img/csc 137exT.jpg
2013.02.20 10:18 B X:\Inetpub\DMVNew\img\csc\137inF.jpg --> webftp /shared/WebServices/DMVNEW-DMVNOW/img/csc 137inF.jpg
2013.02.20 10:18 B X:\Inetpub\DMVNew\img\csc\137inT.jpg --> webftp /shared/WebServices/DMVNEW-DMVNOW/img/csc 137inT.jpg
2013.02.20 10:18 B X:\Inetpub\DMVNew\img\csc\138exF.jpg --> webftp /shared/WebServices/DMVNEW-DMVNOW/img/csc 138exF.jpg
2013.02.20 10:18 B X:\Inetpub\DMVNew\img\csc\138exT.jpg --> webftp /shared/WebServices/DMVNEW-DMVNOW/img/csc 138exT.jpg
2013.02.20 10:18 B X:\Inetpub\DMVNew\img\csc\138inF.jpg --> webftp /shared/WebServices/DMVNEW-DMVNOW/img/csc 138inF.jpg
2013.02.20 10:18 B X:\Inetpub\DMVNew\img\csc\138inT.jpg --> webftp /shared/WebServices/DMVNEW-DMVNOW/img/csc 138inT.jpg
2013.02.20 10:18 B X:\Inetpub\DMVNew\img\csc\13exF.jpg --> webftp /shared/WebServices/DMVNEW-DMVNOW/img/csc 13exF.jpg
2013.02.20 10:18 B X:\Inetpub\DMVNew\img\csc\13exT.jpg --> webftp /shared/WebServices/DMVNEW-DMVNOW/img/csc 13exT.jpg
2013.02.20 10:18 B X:\Inetpub\DMVNew\img\csc\13inF.jpg --> webftp /shared/WebServices/DMVNEW-DMVNOW/img/csc 13inF.jpg
2013.02.20 10:18 B X:\Inetpub\DMVNew\img\csc\13inT.jpg --> webftp /shared/WebServices/DMVNEW-DMVNOW/img/csc 13inT.jpg
2013.02.20 10:18 B X:\Inetpub\DMVNew\img\csc\140exF.jpg --> webftp /shared/WebServices/DMVNEW-DMVNOW/img/csc 140exF.jpg
2013.02.20 10:18 B X:\Inetpub\DMVNew\img\csc\140exT.jpg --> webftp /shared/WebServices/DMVNEW-DMVNOW/img/csc 140exT.jpg
2013.02.20 10:18 B X:\Inetpub\DMVNew\img\csc\140inF.jpg --> webftp /shared/WebServices/DMVNEW-DMVNOW/img/csc 140inF.jpg
2013.02.20 10:18 B X:\Inetpub\DMVNew\img\csc\140inT.jpg --> webftp /shared/WebServices/DMVNEW-DMVNOW/img/csc 140inT.jpg
2013.02.20 10:18 B X:\Inetpub\DMVNew\img\csc\142exF.jpg --> webftp /shared/WebServices/DMVNEW-DMVNOW/img/csc 142exF.jpg
2013.02.20 10:18 B X:\Inetpub\DMVNew\img\csc\142exT.jpg --> webftp /shared/WebServices/DMVNEW-DMVNOW/img/csc 142exT.jpg
2013.02.20 10:18 B X:\Inetpub\DMVNew\img\csc\142inF.jpg --> webftp /shared/WebServices/DMVNEW-DMVNOW/img/csc 142inF.jpg
2013.02.20 10:18 B X:\Inetpub\DMVNew\img\csc\142inT.jpg --> webftp /shared/WebServices/DMVNEW-DMVNOW/img/csc 142inT.jpg
2013.02.20 10:18 B X:\Inetpub\DMVNew\img\csc\143exF.jpg --> webftp /shared/WebServices/DMVNEW-DMVNOW/img/csc 143exF.jpg
2013.02.20 10:18 B X:\Inetpub\DMVNew\img\csc\143exT.jpg --> webftp /shared/WebServices/DMVNEW-DMVNOW/img/csc 143exT.jpg
2013.02.20 10:18 B X:\Inetpub\DMVNew\img\csc\143inF.jpg --> webftp /shared/WebServices/DMVNEW-DMVNOW/img/csc 143inF.jpg
2013.02.20 10:18 B X:\Inetpub\DMVNew\img\csc\143inT.jpg --> webftp /shared/WebServices/DMVNEW-DMVNOW/img/csc 143inT.jpg
2013.02.20 10:18 B X:\Inetpub\DMVNew\img\csc\144exF.jpg --> webftp /shared/WebServices/DMVNEW-DMVNOW/img/csc 144exF.jpg
2013.02.20 10:18 B X:\Inetpub\DMVNew\img\csc\144exT.jpg --> webftp /shared/WebServices/DMVNEW-DMVNOW/img/csc 144exT.jpg
2013.02.20 10:18 B X:\Inetpub\DMVNew\img\csc\144inF.jpg --> webftp /shared/WebServices/DMVNEW-DMVNOW/img/csc 144inF.jpg
2013.02.20 10:18 B X:\Inetpub\DMVNew\img\csc\144inT.jpg --> webftp /shared/WebServices/DMVNEW-DMVNOW/img/csc 144inT.jpg
2013.02.20 10:18 B X:\Inetpub\DMVNew\img\csc\145exF.jpg --> webftp /shared/WebServices/DMVNEW-DMVNOW/img/csc 145exF.jpg
2013.02.20 10:18 B X:\Inetpub\DMVNew\img\csc\145exT.jpg --> webftp /shared/WebServices/DMVNEW-DMVNOW/img/csc 145exT.jpg
2013.02.20 10:18 B X:\Inetpub\DMVNew\img\csc\145inF.jpg --> webftp /shared/WebServices/DMVNEW-DMVNOW/img/csc 145inF.jpg
2013.02.20 10:18 B X:\Inetpub\DMVNew\img\csc\145inT.jpg --> webftp /shared/WebServices/DMVNEW-DMVNOW/img/csc 145inT.jpg
2013.02.20 10:18 B X:\Inetpub\DMVNew\img\csc\146exF.jpg --> webftp /shared/WebServices/DMVNEW-DMVNOW/img/csc 146exF.jpg
2013.02.20 10:18 B X:\Inetpub\DMVNew\img\csc\146exT.jpg --> webftp /shared/WebServices/DMVNEW-DMVNOW/img/csc 146exT.jpg
2013.02.20 10:18 B X:\Inetpub\DMVNew\img\csc\146inF.jpg --> webftp /shared/WebServices/DMVNEW-DMVNOW/img/csc 146inF.jpg
2013.02.20 10:18 B X:\Inetpub\DMVNew\img\csc\146inT.jpg --> webftp /shared/WebServices/DMVNEW-DMVNOW/img/csc 146inT.jpg
2013.02.20 10:18 B X:\Inetpub\DMVNew\img\csc\147exF.jpg --> webftp /shared/WebServices/DMVNEW-DMVNOW/img/csc 147exF.jpg
2013.02.20 10:18 B X:\Inetpub\DMVNew\img\csc\147exT.jpg --> webftp /shared/WebServices/DMVNEW-DMVNOW/img/csc 147exT.jpg
2013.02.20 10:18 B X:\Inetpub\DMVNew\img\csc\147inF.jpg --> webftp /shared/WebServices/DMVNEW-DMVNOW/img/csc 147inF.jpg
2013.02.20 10:18 B X:\Inetpub\DMVNew\img\csc\147inT.jpg --> webftp /shared/WebServices/DMVNEW-DMVNOW/img/csc 147inT.jpg
2013.02.20 10:18 B X:\Inetpub\DMVNew\img\csc\148exF.jpg --> webftp /shared/WebServices/DMVNEW-DMVNOW/img/csc 148exF.jpg
2013.02.20 10:18 B X:\Inetpub\DMVNew\img\csc\148exT.jpg --> webftp /shared/WebServices/DMVNEW-DMVNOW/img/csc 148exT.jpg
2013.02.20 10:18 B X:\Inetpub\DMVNew\img\csc\148inF.jpg --> webftp /shared/WebServices/DMVNEW-DMVNOW/img/csc 148inF.jpg
2013.02.20 10:18 B X:\Inetpub\DMVNew\img\csc\148inT.jpg --> webftp /shared/WebServices/DMVNEW-DMVNOW/img/csc 148inT.jpg
2013.02.20 10:18 B X:\Inetpub\DMVNew\img\csc\149exF.jpg --> webftp /shared/WebServices/DMVNEW-DMVNOW/img/csc 149exF.jpg
2013.02.20 10:18 B X:\Inetpub\DMVNew\img\csc\149exT.jpg --> webftp /shared/WebServices/DMVNEW-DMVNOW/img/csc 149exT.jpg
2013.02.20 10:18 B X:\Inetpub\DMVNew\img\csc\149inF.jpg --> webftp /shared/WebServices/DMVNEW-DMVNOW/img/csc 149inF.jpg
2013.02.20 10:18 B X:\Inetpub\DMVNew\img\csc\149inT.jpg --> webftp /shared/WebServices/DMVNEW-DMVNOW/img/csc 149inT.jpg
2013.02.20 10:18 B X:\Inetpub\DMVNew\img\csc\14exF.jpg --> webftp /shared/WebServices/DMVNEW-DMVNOW/img/csc 14exF.jpg
2013.02.20 10:18 B X:\Inetpub\DMVNew\img\csc\14exT.jpg --> webftp /shared/WebServices/DMVNEW-DMVNOW/img/csc 14exT.jpg
2013.02.20 10:18 B X:\Inetpub\DMVNew\img\csc\14inF.jpg --> webftp /shared/WebServices/DMVNEW-DMVNOW/img/csc 14inF.jpg
2013.02.20 10:18 B X:\Inetpub\DMVNew\img\csc\14inT.jpg --> webftp /shared/WebServices/DMVNEW-DMVNOW/img/csc 14inT.jpg
2013.02.20 10:18 B X:\Inetpub\DMVNew\img\csc\150exF.jpg --> webftp /shared/WebServices/DMVNEW-DMVNOW/img/csc 150exF.jpg
2013.02.20 10:18 B X:\Inetpub\DMVNew\img\csc\150exT.jpg --> webftp /shared/WebServices/DMVNEW-DMVNOW/img/csc 150exT.jpg
2013.02.20 10:18 B X:\Inetpub\DMVNew\img\csc\150inF.jpg --> webftp /shared/WebServices/DMVNEW-DMVNOW/img/csc 150inF.jpg
2013.02.20 10:18 B X:\Inetpub\DMVNew\img\csc\150inT.jpg --> webftp /shared/WebServices/DMVNEW-DMVNOW/img/csc 150inT.jpg
2013.02.20 10:18 B X:\Inetpub\DMVNew\img\csc\151exF.jpg --> webftp /shared/WebServices/DMVNEW-DMVNOW/img/csc 151exF.jpg
2013.02.20 10:18 B X:\Inetpub\DMVNew\img\csc\151exT.jpg --> webftp /shared/WebServices/DMVNEW-DMVNOW/img/csc 151exT.jpg
2013.02.20 10:18 B X:\Inetpub\DMVNew\img\csc\151inF.jpg --> webftp /shared/WebServices/DMVNEW-DMVNOW/img/csc 151inF.jpg
2013.02.20 10:18 B X:\Inetpub\DMVNew\img\csc\151inT.jpg --> webftp /shared/WebServices/DMVNEW-DMVNOW/img/csc 151inT.jpg
2013.02.20 10:18 B X:\Inetpub\DMVNew\img\csc\152exF.jpg --> webftp /shared/WebServices/DMVNEW-DMVNOW/img/csc 152exF.jpg
2013.02.20 10:18 B X:\Inetpub\DMVNew\img\csc\152exT.jpg --> webftp /shared/WebServices/DMVNEW-DMVNOW/img/csc 152exT.jpg
2013.02.20 10:18 B X:\Inetpub\DMVNew\img\csc\152inF.jpg --> webftp /shared/WebServices/DMVNEW-DMVNOW/img/csc 152inF.jpg
2013.02.20 10:18 B X:\Inetpub\DMVNew\img\csc\152inT.jpg --> webftp /shared/WebServices/DMVNEW-DMVNOW/img/csc 152inT.jpg
2013.02.20 10:18 B X:\Inetpub\DMVNew\img\csc\153exF.jpg --> webftp /shared/WebServices/DMVNEW-DMVNOW/img/csc 153exF.jpg
2013.02.20 10:18 B X:\Inetpub\DMVNew\img\csc\153exT.jpg --> webftp /shared/WebServices/DMVNEW-DMVNOW/img/csc 153exT.jpg
2013.02.20 10:18 B X:\Inetpub\DMVNew\img\csc\153inF.jpg --> webftp /shared/WebServices/DMVNEW-DMVNOW/img/csc 153inF.jpg
2013.02.20 10:18 B X:\Inetpub\DMVNew\img\csc\153inT.jpg --> webftp /shared/WebServices/DMVNEW-DMVNOW/img/csc 153inT.jpg
2013.02.20 10:18 B X:\Inetpub\DMVNew\img\csc\154exF.jpg --> webftp /shared/WebServices/DMVNEW-DMVNOW/img/csc 154exF.jpg
2013.02.20 10:18 B X:\Inetpub\DMVNew\img\csc\154exT.jpg --> webftp /shared/WebServices/DMVNEW-DMVNOW/img/csc 154exT.jpg
2013.02.20 10:18 B X:\Inetpub\DMVNew\img\csc\154inF.jpg --> webftp /shared/WebServices/DMVNEW-DMVNOW/img/csc 154inF.jpg
2013.02.20 10:18 B X:\Inetpub\DMVNew\img\csc\154inT.jpg --> webftp /shared/WebServices/DMVNEW-DMVNOW/img/csc 154inT.jpg
2013.02.20 10:18 B X:\Inetpub\DMVNew\img\csc\155exF.jpg --> webftp /shared/WebServices/DMVNEW-DMVNOW/img/csc 155exF.jpg
2013.02.20 10:18 B X:\Inetpub\DMVNew\img\csc\155exT.jpg --> webftp /shared/WebServices/DMVNEW-DMVNOW/img/csc 155exT.jpg
2013.02.20 10:18 B X:\Inetpub\DMVNew\img\csc\155inF.jpg --> webftp /shared/WebServices/DMVNEW-DMVNOW/img/csc 155inF.jpg
2013.02.20 10:18 B X:\Inetpub\DMVNew\img\csc\155inT.jpg --> webftp /shared/WebServices/DMVNEW-DMVNOW/img/csc 155inT.jpg
2013.02.20 10:18 B X:\Inetpub\DMVNew\img\csc\156exF.jpg --> webftp /shared/WebServices/DMVNEW-DMVNOW/img/csc 156exF.jpg
2013.02.20 10:18 B X:\Inetpub\DMVNew\img\csc\156exT.jpg --> webftp /shared/WebServices/DMVNEW-DMVNOW/img/csc 156exT.jpg
2013.02.20 10:18 B X:\Inetpub\DMVNew\img\csc\156inF.jpg --> webftp /shared/WebServices/DMVNEW-DMVNOW/img/csc 156inF.jpg
2013.02.20 10:18 B X:\Inetpub\DMVNew\img\csc\156inT.jpg --> webftp /shared/WebServices/DMVNEW-DMVNOW/img/csc 156inT.jpg
2013.02.20 10:18 B X:\Inetpub\DMVNew\img\csc\158exF.jpg --> webftp /shared/WebServices/DMVNEW-DMVNOW/img/csc 158exF.jpg
2013.02.20 10:18 B X:\Inetpub\DMVNew\img\csc\158exT.jpg --> webftp /shared/WebServices/DMVNEW-DMVNOW/img/csc 158exT.jpg
2013.02.20 10:18 B X:\Inetpub\DMVNew\img\csc\158inF.jpg --> webftp /shared/WebServices/DMVNEW-DMVNOW/img/csc 158inF.jpg
2013.02.20 10:18 B X:\Inetpub\DMVNew\img\csc\158inT.jpg --> webftp /shared/WebServices/DMVNEW-DMVNOW/img/csc 158inT.jpg
2013.02.20 10:18 B X:\Inetpub\DMVNew\img\csc\159exF.jpg --> webftp /shared/WebServices/DMVNEW-DMVNOW/img/csc 159exF.jpg
2013.02.20 10:18 B X:\Inetpub\DMVNew\img\csc\159exT.jpg --> webftp /shared/WebServices/DMVNEW-DMVNOW/img/csc 159exT.jpg
2013.02.20 10:18 B X:\Inetpub\DMVNew\img\csc\159inF.jpg --> webftp /shared/WebServices/DMVNEW-DMVNOW/img/csc 159inF.jpg
2013.02.20 10:18 B X:\Inetpub\DMVNew\img\csc\159inT.jpg --> webftp /shared/WebServices/DMVNEW-DMVNOW/img/csc 159inT.jpg
2013.02.20 10:18 B X:\Inetpub\DMVNew\img\csc\15exF.jpg --> webftp /shared/WebServices/DMVNEW-DMVNOW/img/csc 15exF.jpg
2013.02.20 10:18 B X:\Inetpub\DMVNew\img\csc\15exT.jpg --> webftp /shared/WebServices/DMVNEW-DMVNOW/img/csc 15exT.jpg
2013.02.20 10:18 B X:\Inetpub\DMVNew\img\csc\15inF.jpg --> webftp /shared/WebServices/DMVNEW-DMVNOW/img/csc 15inF.jpg
2013.02.20 10:18 B X:\Inetpub\DMVNew\img\csc\15inT.jpg --> webftp /shared/WebServices/DMVNEW-DMVNOW/img/csc 15inT.jpg
2013.02.20 10:18 B X:\Inetpub\DMVNew\img\csc\160exF.jpg --> webftp /shared/WebServices/DMVNEW-DMVNOW/img/csc 160exF.jpg
2013.02.20 10:18 B X:\Inetpub\DMVNew\img\csc\160exT.jpg --> webftp /shared/WebServices/DMVNEW-DMVNOW/img/csc 160exT.jpg
2013.02.20 10:18 B X:\Inetpub\DMVNew\img\csc\160inF.jpg --> webftp /shared/WebServices/DMVNEW-DMVNOW/img/csc 160inF.jpg
2013.02.20 10:18 B X:\Inetpub\DMVNew\img\csc\160inT.jpg --> webftp /shared/WebServices/DMVNEW-DMVNOW/img/csc 160inT.jpg
2013.02.20 10:18 B X:\Inetpub\DMVNew\img\csc\161exF.jpg --> webftp /shared/WebServices/DMVNEW-DMVNOW/img/csc 161exF.jpg
2013.02.20 10:18 B X:\Inetpub\DMVNew\img\csc\161exT.jpg --> webftp /shared/WebServices/DMVNEW-DMVNOW/img/csc 161exT.jpg
2013.02.20 10:18 B X:\Inetpub\DMVNew\img\csc\161inF.jpg --> webftp /shared/WebServices/DMVNEW-DMVNOW/img/csc 161inF.jpg
2013.02.20 10:18 B X:\Inetpub\DMVNew\img\csc\161inT.jpg --> webftp /shared/WebServices/DMVNEW-DMVNOW/img/csc 161inT.jpg
2013.02.20 10:18 B X:\Inetpub\DMVNew\img\csc\162exF.jpg --> webftp /shared/WebServices/DMVNEW-DMVNOW/img/csc 162exF.jpg
2013.02.20 10:18 B X:\Inetpub\DMVNew\img\csc\162exT.jpg --> webftp /shared/WebServices/DMVNEW-DMVNOW/img/csc 162exT.jpg
2013.02.20 10:18 B X:\Inetpub\DMVNew\img\csc\162inF.jpg --> webftp /shared/WebServices/DMVNEW-DMVNOW/img/csc 162inF.jpg
2013.02.20 10:18 B X:\Inetpub\DMVNew\img\csc\162inT.jpg --> webftp /shared/WebServices/DMVNEW-DMVNOW/img/csc 162inT.jpg
2013.02.20 10:18 B X:\Inetpub\DMVNew\img\csc\163exF.jpg --> webftp /shared/WebServices/DMVNEW-DMVNOW/img/csc 163exF.jpg
2013.02.20 10:18 B X:\Inetpub\DMVNew\img\csc\163exT.jpg --> webftp /shared/WebServices/DMVNEW-DMVNOW/img/csc 163exT.jpg
2013.02.20 10:18 B X:\Inetpub\DMVNew\img\csc\163inF.jpg --> webftp /shared/WebServices/DMVNEW-DMVNOW/img/csc 163inF.jpg
2013.02.20 10:18 B X:\Inetpub\DMVNew\img\csc\163inT.jpg --> webftp /shared/WebServices/DMVNEW-DMVNOW/img/csc 163inT.jpg
2013.02.20 10:18 B X:\Inetpub\DMVNew\img\csc\164exF.jpg --> webftp /shared/WebServices/DMVNEW-DMVNOW/img/csc 164exF.jpg
2013.02.20 10:18 B X:\Inetpub\DMVNew\img\csc\164exT.jpg --> webftp /shared/WebServices/DMVNEW-DMVNOW/img/csc 164exT.jpg
2013.02.20 10:18 B X:\Inetpub\DMVNew\img\csc\164inF.jpg --> webftp /shared/WebServices/DMVNEW-DMVNOW/img/csc 164inF.jpg
2013.02.20 10:18 B X:\Inetpub\DMVNew\img\csc\164inT.jpg --> webftp /shared/WebServices/DMVNEW-DMVNOW/img/csc 164inT.jpg
2013.02.20 10:18 B X:\Inetpub\DMVNew\img\csc\166exF.jpg --> webftp /shared/WebServices/DMVNEW-DMVNOW/img/csc 166exF.jpg
2013.02.20 10:18 B X:\Inetpub\DMVNew\img\csc\166exT.jpg --> webftp /shared/WebServices/DMVNEW-DMVNOW/img/csc 166exT.jpg
2013.02.20 10:18 B X:\Inetpub\DMVNew\img\csc\166inF.jpg --> webftp /shared/WebServices/DMVNEW-DMVNOW/img/csc 166inF.jpg
2013.02.20 10:18 B X:\Inetpub\DMVNew\img\csc\166inT.jpg --> webftp /shared/WebServices/DMVNEW-DMVNOW/img/csc 166inT.jpg
2013.02.20 10:18 B X:\Inetpub\DMVNew\img\csc\167exF.jpg --> webftp /shared/WebServices/DMVNEW-DMVNOW/img/csc 167exF.jpg
2013.02.20 10:18 B X:\Inetpub\DMVNew\img\csc\167exT.jpg --> webftp /shared/WebServices/DMVNEW-DMVNOW/img/csc 167exT.jpg
2013.02.20 10:18 B X:\Inetpub\DMVNew\img\csc\167inF.jpg --> webftp /shared/WebServices/DMVNEW-DMVNOW/img/csc 167inF.jpg
2013.02.20 10:18 B X:\Inetpub\DMVNew\img\csc\167inT.jpg --> webftp /shared/WebServices/DMVNEW-DMVNOW/img/csc 167inT.jpg
2013.02.20 10:18 B X:\Inetpub\DMVNew\img\csc\168exF.jpg --> webftp /shared/WebServices/DMVNEW-DMVNOW/img/csc 168exF.jpg
2013.02.20 10:18 B X:\Inetpub\DMVNew\img\csc\168exT.jpg --> webftp /shared/WebServices/DMVNEW-DMVNOW/img/csc 168exT.jpg
2013.02.20 10:18 B X:\Inetpub\DMVNew\img\csc\168inF.jpg --> webftp /shared/WebServices/DMVNEW-DMVNOW/img/csc 168inF.jpg
2013.02.20 10:18 B X:\Inetpub\DMVNew\img\csc\168inT.jpg --> webftp /shared/WebServices/DMVNEW-DMVNOW/img/csc 168inT.jpg
2013.02.20 10:18 B X:\Inetpub\DMVNew\img\csc\169exF.jpg --> webftp /shared/WebServices/DMVNEW-DMVNOW/img/csc 169exF.jpg
2013.02.20 10:18 B X:\Inetpub\DMVNew\img\csc\169exT.jpg --> webftp /shared/WebServices/DMVNEW-DMVNOW/img/csc 169exT.jpg
2013.02.20 10:18 B X:\Inetpub\DMVNew\img\csc\169inF.jpg --> webftp /shared/WebServices/DMVNEW-DMVNOW/img/csc 169inF.jpg
2013.02.20 10:18 B X:\Inetpub\DMVNew\img\csc\169inT.jpg --> webftp /shared/WebServices/DMVNEW-DMVNOW/img/csc 169inT.jpg
2013.02.20 10:18 B X:\Inetpub\DMVNew\img\csc\16exF.jpg --> webftp /shared/WebServices/DMVNEW-DMVNOW/img/csc 16exF.jpg
2013.02.20 10:18 B X:\Inetpub\DMVNew\img\csc\16exT.jpg --> webftp /shared/WebServices/DMVNEW-DMVNOW/img/csc 16exT.jpg
2013.02.20 10:18 B X:\Inetpub\DMVNew\img\csc\16inF.jpg --> webftp /shared/WebServices/DMVNEW-DMVNOW/img/csc 16inF.jpg
2013.02.20 10:18 B X:\Inetpub\DMVNew\img\csc\16inT.jpg --> webftp /shared/WebServices/DMVNEW-DMVNOW/img/csc 16inT.jpg
2013.02.20 10:18 B X:\Inetpub\DMVNew\img\csc\173exF.jpg --> webftp /shared/WebServices/DMVNEW-DMVNOW/img/csc 173exF.jpg
2013.02.20 10:18 B X:\Inetpub\DMVNew\img\csc\173exT.jpg --> webftp /shared/WebServices/DMVNEW-DMVNOW/img/csc 173exT.jpg
2013.02.20 10:18 B X:\Inetpub\DMVNew\img\csc\173inF.jpg --> webftp /shared/WebServices/DMVNEW-DMVNOW/img/csc 173inF.jpg
2013.02.20 10:18 B X:\Inetpub\DMVNew\img\csc\173inT.jpg --> webftp /shared/WebServices/DMVNEW-DMVNOW/img/csc 173inT.jpg
2013.02.20 10:18 B X:\Inetpub\DMVNew\img\csc\175exF.jpg --> webftp /shared/WebServices/DMVNEW-DMVNOW/img/csc 175exF.jpg
2013.02.20 10:18 B X:\Inetpub\DMVNew\img\csc\175exT.jpg --> webftp /shared/WebServices/DMVNEW-DMVNOW/img/csc 175exT.jpg
2013.02.20 10:18 B X:\Inetpub\DMVNew\img\csc\175inF.jpg --> webftp /shared/WebServices/DMVNEW-DMVNOW/img/csc 175inF.jpg
2013.02.20 10:18 B X:\Inetpub\DMVNew\img\csc\175inT.jpg --> webftp /shared/WebServices/DMVNEW-DMVNOW/img/csc 175inT.jpg
2013.02.20 10:18 B X:\Inetpub\DMVNew\img\csc\17exF.jpg --> webftp /shared/WebServices/DMVNEW-DMVNOW/img/csc 17exF.jpg
2013.02.20 10:18 B X:\Inetpub\DMVNew\img\csc\17exT.jpg --> webftp /shared/WebServices/DMVNEW-DMVNOW/img/csc 17exT.jpg
2013.02.20 10:18 B X:\Inetpub\DMVNew\img\csc\17inF.jpg --> webftp /shared/WebServices/DMVNEW-DMVNOW/img/csc 17inF.jpg
2013.02.20 10:18 B X:\Inetpub\DMVNew\img\csc\17inT.jpg --> webftp /shared/WebServices/DMVNEW-DMVNOW/img/csc 17inT.jpg
2013.02.20 10:18 B X:\Inetpub\DMVNew\img\csc\18exF.jpg --> webftp /shared/WebServices/DMVNEW-DMVNOW/img/csc 18exF.jpg
2013.02.20 10:18 B X:\Inetpub\DMVNew\img\csc\18exT.jpg --> webftp /shared/WebServices/DMVNEW-DMVNOW/img/csc 18exT.jpg
2013.02.20 10:18 B X:\Inetpub\DMVNew\img\csc\18inF.jpg --> webftp /shared/WebServices/DMVNEW-DMVNOW/img/csc 18inF.jpg
2013.02.20 10:18 B X:\Inetpub\DMVNew\img\csc\18inT.jpg --> webftp /shared/WebServices/DMVNEW-DMVNOW/img/csc 18inT.jpg
2013.02.20 10:18 B X:\Inetpub\DMVNew\img\csc\19exF.jpg --> webftp /shared/WebServices/DMVNEW-DMVNOW/img/csc 19exF.jpg
2013.02.20 10:18 B X:\Inetpub\DMVNew\img\csc\19exT.jpg --> webftp /shared/WebServices/DMVNEW-DMVNOW/img/csc 19exT.jpg
2013.02.20 10:18 B X:\Inetpub\DMVNew\img\csc\19inF.jpg --> webftp /shared/WebServices/DMVNEW-DMVNOW/img/csc 19inF.jpg
2013.02.20 10:18 B X:\Inetpub\DMVNew\img\csc\19inT.jpg --> webftp /shared/WebServices/DMVNEW-DMVNOW/img/csc 19inT.jpg
2013.02.20 10:18 B X:\Inetpub\DMVNew\img\csc\1exF.jpg --> webftp /shared/WebServices/DMVNEW-DMVNOW/img/csc 1exF.jpg
2013.02.20 10:18 B X:\Inetpub\DMVNew\img\csc\1exT.jpg --> webftp /shared/WebServices/DMVNEW-DMVNOW/img/csc 1exT.jpg
2013.02.20 10:18 B X:\Inetpub\DMVNew\img\csc\1inF.jpg --> webftp /shared/WebServices/DMVNEW-DMVNOW/img/csc 1inF.jpg
2013.02.20 10:18 B X:\Inetpub\DMVNew\img\csc\1inT.jpg --> webftp /shared/WebServices/DMVNEW-DMVNOW/img/csc 1inT.jpg
2013.02.20 10:18 B X:\Inetpub\DMVNew\img\csc\20exF.jpg --> webftp /shared/WebServices/DMVNEW-DMVNOW/img/csc 20exF.jpg
2013.02.20 10:18 B X:\Inetpub\DMVNew\img\csc\20exT.jpg --> webftp /shared/WebServices/DMVNEW-DMVNOW/img/csc 20exT.jpg
2013.02.20 10:18 B X:\Inetpub\DMVNew\img\csc\20inF.jpg --> webftp /shared/WebServices/DMVNEW-DMVNOW/img/csc 20inF.jpg
2013.02.20 10:18 B X:\Inetpub\DMVNew\img\csc\20inT.jpg --> webftp /shared/WebServices/DMVNEW-DMVNOW/img/csc 20inT.jpg
2013.02.20 10:18 B X:\Inetpub\DMVNew\img\csc\21exF.jpg --> webftp /shared/WebServices/DMVNEW-DMVNOW/img/csc 21exF.jpg
2013.02.20 10:18 B X:\Inetpub\DMVNew\img\csc\21exT.jpg --> webftp /shared/WebServices/DMVNEW-DMVNOW/img/csc 21exT.jpg
2013.02.20 10:18 B X:\Inetpub\DMVNew\img\csc\21inF.jpg --> webftp /shared/WebServices/DMVNEW-DMVNOW/img/csc 21inF.jpg
2013.02.20 10:18 B X:\Inetpub\DMVNew\img\csc\21inT.jpg --> webftp /shared/WebServices/DMVNEW-DMVNOW/img/csc 21inT.jpg
2013.02.20 10:18 B X:\Inetpub\DMVNew\img\csc\22exF.jpg --> webftp /shared/WebServices/DMVNEW-DMVNOW/img/csc 22exF.jpg
2013.02.20 10:18 B X:\Inetpub\DMVNew\img\csc\22exT.jpg --> webftp /shared/WebServices/DMVNEW-DMVNOW/img/csc 22exT.jpg
2013.02.20 10:18 B X:\Inetpub\DMVNew\img\csc\22inF.jpg --> webftp /shared/WebServices/DMVNEW-DMVNOW/img/csc 22inF.jpg
2013.02.20 10:18 B X:\Inetpub\DMVNew\img\csc\22inT.jpg --> webftp /shared/WebServices/DMVNEW-DMVNOW/img/csc 22inT.jpg
2013.02.20 10:18 B X:\Inetpub\DMVNew\img\csc\23exF.jpg --> webftp /shared/WebServices/DMVNEW-DMVNOW/img/csc 23exF.jpg
2013.02.20 10:18 B X:\Inetpub\DMVNew\img\csc\23exT.jpg --> webftp /shared/WebServices/DMVNEW-DMVNOW/img/csc 23exT.jpg
2013.02.20 10:18 B X:\Inetpub\DMVNew\img\csc\23inF.jpg --> webftp /shared/WebServices/DMVNEW-DMVNOW/img/csc 23inF.jpg
2013.02.20 10:18 B X:\Inetpub\DMVNew\img\csc\23inT.jpg --> webftp /shared/WebServices/DMVNEW-DMVNOW/img/csc 23inT.jpg
2013.02.20 10:18 B X:\Inetpub\DMVNew\img\csc\24exF.jpg --> webftp /shared/WebServices/DMVNEW-DMVNOW/img/csc 24exF.jpg
2013.02.20 10:18 B X:\Inetpub\DMVNew\img\csc\24exT.jpg --> webftp /shared/WebServices/DMVNEW-DMVNOW/img/csc 24exT.jpg
2013.02.20 10:18 B X:\Inetpub\DMVNew\img\csc\24inF.jpg --> webftp /shared/WebServices/DMVNEW-DMVNOW/img/csc 24inF.jpg
2013.02.20 10:18 B X:\Inetpub\DMVNew\img\csc\24inT.jpg --> webftp /shared/WebServices/DMVNEW-DMVNOW/img/csc 24inT.jpg
2013.02.20 10:18 B X:\Inetpub\DMVNew\img\csc\25exF.jpg --> webftp /shared/WebServices/DMVNEW-DMVNOW/img/csc 25exF.jpg
2013.02.20 10:18 B X:\Inetpub\DMVNew\img\csc\25exT.jpg --> webftp /shared/WebServices/DMVNEW-DMVNOW/img/csc 25exT.jpg
2013.02.20 10:18 B X:\Inetpub\DMVNew\img\csc\25inF.jpg --> webftp /shared/WebServices/DMVNEW-DMVNOW/img/csc 25inF.jpg
2013.02.20 10:18 B X:\Inetpub\DMVNew\img\csc\25inT.jpg --> webftp /shared/WebServices/DMVNEW-DMVNOW/img/csc 25inT.jpg
2013.02.20 10:18 B X:\Inetpub\DMVNew\img\csc\26exF.jpg --> webftp /shared/WebServices/DMVNEW-DMVNOW/img/csc 26exF.jpg
2013.02.20 10:18 B X:\Inetpub\DMVNew\img\csc\26exT.jpg --> webftp /shared/WebServices/DMVNEW-DMVNOW/img/csc 26exT.jpg
2013.02.20 10:18 B X:\Inetpub\DMVNew\img\csc\26inF.jpg --> webftp /shared/WebServices/DMVNEW-DMVNOW/img/csc 26inF.jpg
2013.02.20 10:18 B X:\Inetpub\DMVNew\img\csc\26inT.jpg --> webftp /shared/WebServices/DMVNEW-DMVNOW/img/csc 26inT.jpg
2013.02.20 10:18 B X:\Inetpub\DMVNew\img\csc\27exF.jpg --> webftp /shared/WebServices/DMVNEW-DMVNOW/img/csc 27exF.jpg
2013.02.20 10:18 B X:\Inetpub\DMVNew\img\csc\27exT.jpg --> webftp /shared/WebServices/DMVNEW-DMVNOW/img/csc 27exT.jpg
2013.02.20 10:18 B X:\Inetpub\DMVNew\img\csc\27inF.jpg --> webftp /shared/WebServices/DMVNEW-DMVNOW/img/csc 27inF.jpg
2013.02.20 10:18 B X:\Inetpub\DMVNew\img\csc\27inT.jpg --> webftp /shared/WebServices/DMVNEW-DMVNOW/img/csc 27inT.jpg
2013.02.20 10:18 B X:\Inetpub\DMVNew\img\csc\28exF.jpg --> webftp /shared/WebServices/DMVNEW-DMVNOW/img/csc 28exF.jpg
2013.02.20 10:18 B X:\Inetpub\DMVNew\img\csc\28exT.jpg --> webftp /shared/WebServices/DMVNEW-DMVNOW/img/csc 28exT.jpg
2013.02.20 10:18 B X:\Inetpub\DMVNew\img\csc\28inF.jpg --> webftp /shared/WebServices/DMVNEW-DMVNOW/img/csc 28inF.jpg
2013.02.20 10:18 B X:\Inetpub\DMVNew\img\csc\28inT.jpg --> webftp /shared/WebServices/DMVNEW-DMVNOW/img/csc 28inT.jpg
2013.02.20 10:18 B X:\Inetpub\DMVNew\img\csc\29exF.jpg --> webftp /shared/WebServices/DMVNEW-DMVNOW/img/csc 29exF.jpg
2013.02.20 10:18 B X:\Inetpub\DMVNew\img\csc\29exT.jpg --> webftp /shared/WebServices/DMVNEW-DMVNOW/img/csc 29exT.jpg
2013.02.20 10:18 B X:\Inetpub\DMVNew\img\csc\29inF.jpg --> webftp /shared/WebServices/DMVNEW-DMVNOW/img/csc 29inF.jpg
2013.02.20 10:19 B X:\Inetpub\DMVNew\img\csc\29inT.jpg --> webftp /shared/WebServices/DMVNEW-DMVNOW/img/csc 29inT.jpg
2013.02.20 10:19 B X:\Inetpub\DMVNew\img\csc\2exF.jpg --> webftp /shared/WebServices/DMVNEW-DMVNOW/img/csc 2exF.jpg
2013.02.20 10:19 B X:\Inetpub\DMVNew\img\csc\2exT.jpg --> webftp /shared/WebServices/DMVNEW-DMVNOW/img/csc 2exT.jpg
2013.02.20 10:19 B X:\Inetpub\DMVNew\img\csc\2inF.jpg --> webftp /shared/WebServices/DMVNEW-DMVNOW/img/csc 2inF.jpg
2013.02.20 10:19 B X:\Inetpub\DMVNew\img\csc\2inT.jpg --> webftp /shared/WebServices/DMVNEW-DMVNOW/img/csc 2inT.jpg
2013.02.20 10:19 B X:\Inetpub\DMVNew\img\csc\30exF.jpg --> webftp /shared/WebServices/DMVNEW-DMVNOW/img/csc 30exF.jpg
2013.02.20 10:19 B X:\Inetpub\DMVNew\img\csc\30exT.jpg --> webftp /shared/WebServices/DMVNEW-DMVNOW/img/csc 30exT.jpg
2013.02.20 10:19 B X:\Inetpub\DMVNew\img\csc\30inF.jpg --> webftp /shared/WebServices/DMVNEW-DMVNOW/img/csc 30inF.jpg
2013.02.20 10:19 B X:\Inetpub\DMVNew\img\csc\30inT.jpg --> webftp /shared/WebServices/DMVNEW-DMVNOW/img/csc 30inT.jpg
2013.02.20 10:19 B X:\Inetpub\DMVNew\img\csc\31exF.jpg --> webftp /shared/WebServices/DMVNEW-DMVNOW/img/csc 31exF.jpg
2013.02.20 10:19 B X:\Inetpub\DMVNew\img\csc\31exT.jpg --> webftp /shared/WebServices/DMVNEW-DMVNOW/img/csc 31exT.jpg
2013.02.20 10:19 B X:\Inetpub\DMVNew\img\csc\31inF.jpg --> webftp /shared/WebServices/DMVNEW-DMVNOW/img/csc 31inF.jpg
2013.02.20 10:19 B X:\Inetpub\DMVNew\img\csc\31inT.jpg --> webftp /shared/WebServices/DMVNEW-DMVNOW/img/csc 31inT.jpg
2013.02.20 10:19 B X:\Inetpub\DMVNew\img\csc\32exF.jpg --> webftp /shared/WebServices/DMVNEW-DMVNOW/img/csc 32exF.jpg
2013.02.20 10:19 B X:\Inetpub\DMVNew\img\csc\32exT.jpg --> webftp /shared/WebServices/DMVNEW-DMVNOW/img/csc 32exT.jpg
2013.02.20 10:19 B X:\Inetpub\DMVNew\img\csc\32inF.jpg --> webftp /shared/WebServices/DMVNEW-DMVNOW/img/csc 32inF.jpg
2013.02.20 10:19 B X:\Inetpub\DMVNew\img\csc\32inT.jpg --> webftp /shared/WebServices/DMVNEW-DMVNOW/img/csc 32inT.jpg
2013.02.20 10:19 B X:\Inetpub\DMVNew\img\csc\33exF.jpg --> webftp /shared/WebServices/DMVNEW-DMVNOW/img/csc 33exF.jpg
2013.02.20 10:19 B X:\Inetpub\DMVNew\img\csc\33exT.jpg --> webftp /shared/WebServices/DMVNEW-DMVNOW/img/csc 33exT.jpg
2013.02.20 10:19 B X:\Inetpub\DMVNew\img\csc\33inF.jpg --> webftp /shared/WebServices/DMVNEW-DMVNOW/img/csc 33inF.jpg
2013.02.20 10:19 B X:\Inetpub\DMVNew\img\csc\33inT.jpg --> webftp /shared/WebServices/DMVNEW-DMVNOW/img/csc 33inT.jpg
2013.02.20 10:19 B X:\Inetpub\DMVNew\img\csc\34exF.jpg --> webftp /shared/WebServices/DMVNEW-DMVNOW/img/csc 34exF.jpg
2013.02.20 10:19 B X:\Inetpub\DMVNew\img\csc\34exT.jpg --> webftp /shared/WebServices/DMVNEW-DMVNOW/img/csc 34exT.jpg
2013.02.20 10:19 B X:\Inetpub\DMVNew\img\csc\34inF.jpg --> webftp /shared/WebServices/DMVNEW-DMVNOW/img/csc 34inF.jpg
2013.02.20 10:19 B X:\Inetpub\DMVNew\img\csc\34inT.jpg --> webftp /shared/WebServices/DMVNEW-DMVNOW/img/csc 34inT.jpg
2013.02.20 10:19 B X:\Inetpub\DMVNew\img\csc\35exF.jpg --> webftp /shared/WebServices/DMVNEW-DMVNOW/img/csc 35exF.jpg
2013.02.20 10:19 B X:\Inetpub\DMVNew\img\csc\35exT.jpg --> webftp /shared/WebServices/DMVNEW-DMVNOW/img/csc 35exT.jpg
2013.02.20 10:19 B X:\Inetpub\DMVNew\img\csc\35inF.jpg --> webftp /shared/WebServices/DMVNEW-DMVNOW/img/csc 35inF.jpg
2013.02.20 10:19 B X:\Inetpub\DMVNew\img\csc\35inT.jpg --> webftp /shared/WebServices/DMVNEW-DMVNOW/img/csc 35inT.jpg
2013.02.20 10:19 B X:\Inetpub\DMVNew\img\csc\36exF.jpg --> webftp /shared/WebServices/DMVNEW-DMVNOW/img/csc 36exF.jpg
2013.02.20 10:19 B X:\Inetpub\DMVNew\img\csc\36exT.jpg --> webftp /shared/WebServices/DMVNEW-DMVNOW/img/csc 36exT.jpg
2013.02.20 10:19 B X:\Inetpub\DMVNew\img\csc\36inF.jpg --> webftp /shared/WebServices/DMVNEW-DMVNOW/img/csc 36inF.jpg
2013.02.20 10:19 B X:\Inetpub\DMVNew\img\csc\36inT.jpg --> webftp /shared/WebServices/DMVNEW-DMVNOW/img/csc 36inT.jpg
2013.02.20 10:19 B X:\Inetpub\DMVNew\img\csc\37exF.jpg --> webftp /shared/WebServices/DMVNEW-DMVNOW/img/csc 37exF.jpg
2013.02.20 10:19 B X:\Inetpub\DMVNew\img\csc\37exT.jpg --> webftp /shared/WebServices/DMVNEW-DMVNOW/img/csc 37exT.jpg
2013.02.20 10:19 B X:\Inetpub\DMVNew\img\csc\37inF.jpg --> webftp /shared/WebServices/DMVNEW-DMVNOW/img/csc 37inF.jpg
2013.02.20 10:19 B X:\Inetpub\DMVNew\img\csc\37inT.jpg --> webftp /shared/WebServices/DMVNEW-DMVNOW/img/csc 37inT.jpg
2013.02.20 10:19 B X:\Inetpub\DMVNew\img\csc\38exF.jpg --> webftp /shared/WebServices/DMVNEW-DMVNOW/img/csc 38exF.jpg
2013.02.20 10:19 B X:\Inetpub\DMVNew\img\csc\38exT.jpg --> webftp /shared/WebServices/DMVNEW-DMVNOW/img/csc 38exT.jpg
2013.02.20 10:19 B X:\Inetpub\DMVNew\img\csc\38inF.jpg --> webftp /shared/WebServices/DMVNEW-DMVNOW/img/csc 38inF.jpg
2013.02.20 10:19 B X:\Inetpub\DMVNew\img\csc\38inT.jpg --> webftp /shared/WebServices/DMVNEW-DMVNOW/img/csc 38inT.jpg
2013.02.20 10:19 B X:\Inetpub\DMVNew\img\csc\39exF.jpg --> webftp /shared/WebServices/DMVNEW-DMVNOW/img/csc 39exF.jpg
2013.02.20 10:19 B X:\Inetpub\DMVNew\img\csc\39exT.jpg --> webftp /shared/WebServices/DMVNEW-DMVNOW/img/csc 39exT.jpg
2013.02.20 10:19 B X:\Inetpub\DMVNew\img\csc\39inF.jpg --> webftp /shared/WebServices/DMVNEW-DMVNOW/img/csc 39inF.jpg
2013.02.20 10:19 B X:\Inetpub\DMVNew\img\csc\39inT.jpg --> webftp /shared/WebServices/DMVNEW-DMVNOW/img/csc 39inT.jpg
2013.02.20 10:19 B X:\Inetpub\DMVNew\img\csc\3ex195.jpg --> webftp /shared/WebServices/DMVNEW-DMVNOW/img/csc 3ex195.jpg
2013.02.20 10:19 B X:\Inetpub\DMVNew\img\csc\3ex500.jpg --> webftp /shared/WebServices/DMVNEW-DMVNOW/img/csc 3ex500.jpg
2013.02.20 10:19 B X:\Inetpub\DMVNew\img\csc\3ex700.jpg --> webftp /shared/WebServices/DMVNEW-DMVNOW/img/csc 3ex700.jpg
2013.02.20 10:19 B X:\Inetpub\DMVNew\img\csc\3exF.jpg --> webftp /shared/WebServices/DMVNEW-DMVNOW/img/csc 3exF.jpg
2013.02.20 10:19 B X:\Inetpub\DMVNew\img\csc\3exT.jpg --> webftp /shared/WebServices/DMVNEW-DMVNOW/img/csc 3exT.jpg
2013.02.20 10:19 B X:\Inetpub\DMVNew\img\csc\3in195.jpg --> webftp /shared/WebServices/DMVNEW-DMVNOW/img/csc 3in195.jpg
2013.02.20 10:19 B X:\Inetpub\DMVNew\img\csc\3in500.jpg --> webftp /shared/WebServices/DMVNEW-DMVNOW/img/csc 3in500.jpg
2013.02.20 10:19 B X:\Inetpub\DMVNew\img\csc\3in700.jpg --> webftp /shared/WebServices/DMVNEW-DMVNOW/img/csc 3in700.jpg
2013.02.20 10:19 B X:\Inetpub\DMVNew\img\csc\3inF.jpg --> webftp /shared/WebServices/DMVNEW-DMVNOW/img/csc 3inF.jpg
2013.02.20 10:19 B X:\Inetpub\DMVNew\img\csc\3inT.jpg --> webftp /shared/WebServices/DMVNEW-DMVNOW/img/csc 3inT.jpg
2013.02.20 10:19 B X:\Inetpub\DMVNew\img\csc\40exF.jpg --> webftp /shared/WebServices/DMVNEW-DMVNOW/img/csc 40exF.jpg
2013.02.20 10:19 B X:\Inetpub\DMVNew\img\csc\40exT.jpg --> webftp /shared/WebServices/DMVNEW-DMVNOW/img/csc 40exT.jpg
2013.02.20 10:19 B X:\Inetpub\DMVNew\img\csc\40inF.jpg --> webftp /shared/WebServices/DMVNEW-DMVNOW/img/csc 40inF.jpg
2013.02.20 10:19 B X:\Inetpub\DMVNew\img\csc\40inT.jpg --> webftp /shared/WebServices/DMVNEW-DMVNOW/img/csc 40inT.jpg
2013.02.20 10:19 B X:\Inetpub\DMVNew\img\csc\41exF.jpg --> webftp /shared/WebServices/DMVNEW-DMVNOW/img/csc 41exF.jpg
2013.02.20 10:19 B X:\Inetpub\DMVNew\img\csc\41exT.jpg --> webftp /shared/WebServices/DMVNEW-DMVNOW/img/csc 41exT.jpg
2013.02.20 10:19 B X:\Inetpub\DMVNew\img\csc\41inF.jpg --> webftp /shared/WebServices/DMVNEW-DMVNOW/img/csc 41inF.jpg
2013.02.20 10:19 B X:\Inetpub\DMVNew\img\csc\41inT.jpg --> webftp /shared/WebServices/DMVNEW-DMVNOW/img/csc 41inT.jpg
2013.02.20 10:19 B X:\Inetpub\DMVNew\img\csc\42exF.jpg --> webftp /shared/WebServices/DMVNEW-DMVNOW/img/csc 42exF.jpg
2013.02.20 10:19 B X:\Inetpub\DMVNew\img\csc\42exT.jpg --> webftp /shared/WebServices/DMVNEW-DMVNOW/img/csc 42exT.jpg
2013.02.20 10:19 B X:\Inetpub\DMVNew\img\csc\42inF.jpg --> webftp /shared/WebServices/DMVNEW-DMVNOW/img/csc 42inF.jpg
2013.02.20 10:19 B X:\Inetpub\DMVNew\img\csc\42inT.jpg --> webftp /shared/WebServices/DMVNEW-DMVNOW/img/csc 42inT.jpg
2013.02.20 10:19 B X:\Inetpub\DMVNew\img\csc\43exF.jpg --> webftp /shared/WebServices/DMVNEW-DMVNOW/img/csc 43exF.jpg
2013.02.20 10:19 B X:\Inetpub\DMVNew\img\csc\43exT.jpg --> webftp /shared/WebServices/DMVNEW-DMVNOW/img/csc 43exT.jpg
2013.02.20 10:19 B X:\Inetpub\DMVNew\img\csc\43inF.jpg --> webftp /shared/WebServices/DMVNEW-DMVNOW/img/csc 43inF.jpg
2013.02.20 10:19 B X:\Inetpub\DMVNew\img\csc\43inT.jpg --> webftp /shared/WebServices/DMVNEW-DMVNOW/img/csc 43inT.jpg
2013.02.20 10:19 B X:\Inetpub\DMVNew\img\csc\44exF.jpg --> webftp /shared/WebServices/DMVNEW-DMVNOW/img/csc 44exF.jpg
2013.02.20 10:19 B X:\Inetpub\DMVNew\img\csc\44exT.jpg --> webftp /shared/WebServices/DMVNEW-DMVNOW/img/csc 44exT.jpg
2013.02.20 10:19 B X:\Inetpub\DMVNew\img\csc\44inF.jpg --> webftp /shared/WebServices/DMVNEW-DMVNOW/img/csc 44inF.jpg
2013.02.20 10:19 B X:\Inetpub\DMVNew\img\csc\44inT.jpg --> webftp /shared/WebServices/DMVNEW-DMVNOW/img/csc 44inT.jpg
2013.02.20 10:19 B X:\Inetpub\DMVNew\img\csc\45exF.jpg --> webftp /shared/WebServices/DMVNEW-DMVNOW/img/csc 45exF.jpg
2013.02.20 10:19 B X:\Inetpub\DMVNew\img\csc\45exT.jpg --> webftp /shared/WebServices/DMVNEW-DMVNOW/img/csc 45exT.jpg
2013.02.20 10:19 B X:\Inetpub\DMVNew\img\csc\45inF.jpg --> webftp /shared/WebServices/DMVNEW-DMVNOW/img/csc 45inF.jpg
2013.02.20 10:19 B X:\Inetpub\DMVNew\img\csc\45inT.jpg --> webftp /shared/WebServices/DMVNEW-DMVNOW/img/csc 45inT.jpg
2013.02.20 10:19 B X:\Inetpub\DMVNew\img\csc\46exF.jpg --> webftp /shared/WebServices/DMVNEW-DMVNOW/img/csc 46exF.jpg
2013.02.20 10:19 B X:\Inetpub\DMVNew\img\csc\46exT.jpg --> webftp /shared/WebServices/DMVNEW-DMVNOW/img/csc 46exT.jpg
2013.02.20 10:19 B X:\Inetpub\DMVNew\img\csc\46inF.jpg --> webftp /shared/WebServices/DMVNEW-DMVNOW/img/csc 46inF.jpg
2013.02.20 10:19 B X:\Inetpub\DMVNew\img\csc\46inT.jpg --> webftp /shared/WebServices/DMVNEW-DMVNOW/img/csc 46inT.jpg
2013.02.20 10:19 B X:\Inetpub\DMVNew\img\csc\47exF.jpg --> webftp /shared/WebServices/DMVNEW-DMVNOW/img/csc 47exF.jpg
2013.02.20 10:19 B X:\Inetpub\DMVNew\img\csc\47exT.jpg --> webftp /shared/WebServices/DMVNEW-DMVNOW/img/csc 47exT.jpg
2013.02.20 10:19 B X:\Inetpub\DMVNew\img\csc\47inF.jpg --> webftp /shared/WebServices/DMVNEW-DMVNOW/img/csc 47inF.jpg
2013.02.20 10:19 B X:\Inetpub\DMVNew\img\csc\47inT.jpg --> webftp /shared/WebServices/DMVNEW-DMVNOW/img/csc 47inT.jpg
2013.02.20 10:19 B X:\Inetpub\DMVNew\img\csc\48exF.jpg --> webftp /shared/WebServices/DMVNEW-DMVNOW/img/csc 48exF.jpg
2013.02.20 10:19 B X:\Inetpub\DMVNew\img\csc\48exT.jpg --> webftp /shared/WebServices/DMVNEW-DMVNOW/img/csc 48exT.jpg
2013.02.20 10:19 B X:\Inetpub\DMVNew\img\csc\48inF.jpg --> webftp /shared/WebServices/DMVNEW-DMVNOW/img/csc 48inF.jpg
2013.02.20 10:19 B X:\Inetpub\DMVNew\img\csc\48inT.jpg --> webftp /shared/WebServices/DMVNEW-DMVNOW/img/csc 48inT.jpg
2013.02.20 10:19 B X:\Inetpub\DMVNew\img\csc\49exF.jpg --> webftp /shared/WebServices/DMVNEW-DMVNOW/img/csc 49exF.jpg
2013.02.20 10:19 B X:\Inetpub\DMVNew\img\csc\49exT.jpg --> webftp /shared/WebServices/DMVNEW-DMVNOW/img/csc 49exT.jpg
2013.02.20 10:19 B X:\Inetpub\DMVNew\img\csc\49inF.jpg --> webftp /shared/WebServices/DMVNEW-DMVNOW/img/csc 49inF.jpg
2013.02.20 10:19 B X:\Inetpub\DMVNew\img\csc\49inT.jpg --> webftp /shared/WebServices/DMVNEW-DMVNOW/img/csc 49inT.jpg
2013.02.20 10:19 B X:\Inetpub\DMVNew\img\csc\4exF.jpg --> webftp /shared/WebServices/DMVNEW-DMVNOW/img/csc 4exF.jpg
2013.02.20 10:19 B X:\Inetpub\DMVNew\img\csc\4exT.jpg --> webftp /shared/WebServices/DMVNEW-DMVNOW/img/csc 4exT.jpg
2013.02.20 10:19 B X:\Inetpub\DMVNew\img\csc\4inF.jpg --> webftp /shared/WebServices/DMVNEW-DMVNOW/img/csc 4inF.jpg
2013.02.20 10:19 B X:\Inetpub\DMVNew\img\csc\4inT.jpg --> webftp /shared/WebServices/DMVNEW-DMVNOW/img/csc 4inT.jpg
2013.02.20 10:19 B X:\Inetpub\DMVNew\img\csc\50exF.jpg --> webftp /shared/WebServices/DMVNEW-DMVNOW/img/csc 50exF.jpg
2013.02.20 10:19 B X:\Inetpub\DMVNew\img\csc\50exT.jpg --> webftp /shared/WebServices/DMVNEW-DMVNOW/img/csc 50exT.jpg
2013.02.20 10:19 B X:\Inetpub\DMVNew\img\csc\50inF.jpg --> webftp /shared/WebServices/DMVNEW-DMVNOW/img/csc 50inF.jpg
2013.02.20 10:19 B X:\Inetpub\DMVNew\img\csc\50inT.jpg --> webftp /shared/WebServices/DMVNEW-DMVNOW/img/csc 50inT.jpg
2013.02.20 10:19 B X:\Inetpub\DMVNew\img\csc\51exF.jpg --> webftp /shared/WebServices/DMVNEW-DMVNOW/img/csc 51exF.jpg
2013.02.20 10:19 B X:\Inetpub\DMVNew\img\csc\51exT.jpg --> webftp /shared/WebServices/DMVNEW-DMVNOW/img/csc 51exT.jpg
2013.02.20 10:19 B X:\Inetpub\DMVNew\img\csc\51inF.jpg --> webftp /shared/WebServices/DMVNEW-DMVNOW/img/csc 51inF.jpg
2013.02.20 10:19 B X:\Inetpub\DMVNew\img\csc\51inT.jpg --> webftp /shared/WebServices/DMVNEW-DMVNOW/img/csc 51inT.jpg
2013.02.20 10:19 B X:\Inetpub\DMVNew\img\csc\52exF.jpg --> webftp /shared/WebServices/DMVNEW-DMVNOW/img/csc 52exF.jpg
2013.02.20 10:19 B X:\Inetpub\DMVNew\img\csc\52exT.jpg --> webftp /shared/WebServices/DMVNEW-DMVNOW/img/csc 52exT.jpg
2013.02.20 10:19 B X:\Inetpub\DMVNew\img\csc\52inF.jpg --> webftp /shared/WebServices/DMVNEW-DMVNOW/img/csc 52inF.jpg
2013.02.20 10:19 B X:\Inetpub\DMVNew\img\csc\52inT.jpg --> webftp /shared/WebServices/DMVNEW-DMVNOW/img/csc 52inT.jpg
2013.02.20 10:19 B X:\Inetpub\DMVNew\img\csc\53exF.jpg --> webftp /shared/WebServices/DMVNEW-DMVNOW/img/csc 53exF.jpg
2013.02.20 10:19 B X:\Inetpub\DMVNew\img\csc\53exT.jpg --> webftp /shared/WebServices/DMVNEW-DMVNOW/img/csc 53exT.jpg
2013.02.20 10:19 B X:\Inetpub\DMVNew\img\csc\53inF.jpg --> webftp /shared/WebServices/DMVNEW-DMVNOW/img/csc 53inF.jpg
2013.02.20 10:19 B X:\Inetpub\DMVNew\img\csc\53inT.jpg --> webftp /shared/WebServices/DMVNEW-DMVNOW/img/csc 53inT.jpg
2013.02.20 10:19 B X:\Inetpub\DMVNew\img\csc\54exF.jpg --> webftp /shared/WebServices/DMVNEW-DMVNOW/img/csc 54exF.jpg
2013.02.20 10:19 B X:\Inetpub\DMVNew\img\csc\54exT.jpg --> webftp /shared/WebServices/DMVNEW-DMVNOW/img/csc 54exT.jpg
2013.02.20 10:19 B X:\Inetpub\DMVNew\img\csc\54inF.jpg --> webftp /shared/WebServices/DMVNEW-DMVNOW/img/csc 54inF.jpg
2013.02.20 10:19 B X:\Inetpub\DMVNew\img\csc\54inT.jpg --> webftp /shared/WebServices/DMVNEW-DMVNOW/img/csc 54inT.jpg
2013.02.20 10:19 B X:\Inetpub\DMVNew\img\csc\55exF.jpg --> webftp /shared/WebServices/DMVNEW-DMVNOW/img/csc 55exF.jpg
2013.02.20 10:19 B X:\Inetpub\DMVNew\img\csc\55exT.jpg --> webftp /shared/WebServices/DMVNEW-DMVNOW/img/csc 55exT.jpg
2013.02.20 10:19 B X:\Inetpub\DMVNew\img\csc\55inF.jpg --> webftp /shared/WebServices/DMVNEW-DMVNOW/img/csc 55inF.jpg
2013.02.20 10:19 B X:\Inetpub\DMVNew\img\csc\55inT.jpg --> webftp /shared/WebServices/DMVNEW-DMVNOW/img/csc 55inT.jpg
2013.02.20 10:19 B X:\Inetpub\DMVNew\img\csc\56exF.jpg --> webftp /shared/WebServices/DMVNEW-DMVNOW/img/csc 56exF.jpg
2013.02.20 10:19 B X:\Inetpub\DMVNew\img\csc\56exT.jpg --> webftp /shared/WebServices/DMVNEW-DMVNOW/img/csc 56exT.jpg
2013.02.20 10:19 B X:\Inetpub\DMVNew\img\csc\56inF.jpg --> webftp /shared/WebServices/DMVNEW-DMVNOW/img/csc 56inF.jpg
2013.02.20 10:19 B X:\Inetpub\DMVNew\img\csc\56inT.jpg --> webftp /shared/WebServices/DMVNEW-DMVNOW/img/csc 56inT.jpg
2013.02.20 10:19 B X:\Inetpub\DMVNew\img\csc\57exF.jpg --> webftp /shared/WebServices/DMVNEW-DMVNOW/img/csc 57exF.jpg
2013.02.20 10:19 B X:\Inetpub\DMVNew\img\csc\57exT.jpg --> webftp /shared/WebServices/DMVNEW-DMVNOW/img/csc 57exT.jpg
2013.02.20 10:19 B X:\Inetpub\DMVNew\img\csc\57inF.jpg --> webftp /shared/WebServices/DMVNEW-DMVNOW/img/csc 57inF.jpg
2013.02.20 10:19 B X:\Inetpub\DMVNew\img\csc\57inT.jpg --> webftp /shared/WebServices/DMVNEW-DMVNOW/img/csc 57inT.jpg
2013.02.20 10:19 B X:\Inetpub\DMVNew\img\csc\58exF.jpg --> webftp /shared/WebServices/DMVNEW-DMVNOW/img/csc 58exF.jpg
2013.02.20 10:19 B X:\Inetpub\DMVNew\img\csc\58exT.jpg --> webftp /shared/WebServices/DMVNEW-DMVNOW/img/csc 58exT.jpg
2013.02.20 10:19 B X:\Inetpub\DMVNew\img\csc\58inF.jpg --> webftp /shared/WebServices/DMVNEW-DMVNOW/img/csc 58inF.jpg
2013.02.20 10:19 B X:\Inetpub\DMVNew\img\csc\58inT.jpg --> webftp /shared/WebServices/DMVNEW-DMVNOW/img/csc 58inT.jpg
2013.02.20 10:19 B X:\Inetpub\DMVNew\img\csc\59exF.jpg --> webftp /shared/WebServices/DMVNEW-DMVNOW/img/csc 59exF.jpg
2013.02.20 10:19 B X:\Inetpub\DMVNew\img\csc\59exT.jpg --> webftp /shared/WebServices/DMVNEW-DMVNOW/img/csc 59exT.jpg
2013.02.20 10:19 B X:\Inetpub\DMVNew\img\csc\59inF.jpg --> webftp /shared/WebServices/DMVNEW-DMVNOW/img/csc 59inF.jpg
2013.02.20 10:19 B X:\Inetpub\DMVNew\img\csc\59inT.jpg --> webftp /shared/WebServices/DMVNEW-DMVNOW/img/csc 59inT.jpg
2013.02.20 10:19 B X:\Inetpub\DMVNew\img\csc\5exF.jpg --> webftp /shared/WebServices/DMVNEW-DMVNOW/img/csc 5exF.jpg
2013.02.20 10:19 B X:\Inetpub\DMVNew\img\csc\5exT.jpg --> webftp /shared/WebServices/DMVNEW-DMVNOW/img/csc 5exT.jpg
2013.02.20 10:19 B X:\Inetpub\DMVNew\img\csc\5inF.jpg --> webftp /shared/WebServices/DMVNEW-DMVNOW/img/csc 5inF.jpg
2013.02.20 10:19 B X:\Inetpub\DMVNew\img\csc\5inT.jpg --> webftp /shared/WebServices/DMVNEW-DMVNOW/img/csc 5inT.jpg
2013.02.20 10:19 B X:\Inetpub\DMVNew\img\csc\60exF.jpg --> webftp /shared/WebServices/DMVNEW-DMVNOW/img/csc 60exF.jpg
2013.02.20 10:19 B X:\Inetpub\DMVNew\img\csc\60exT.jpg --> webftp /shared/WebServices/DMVNEW-DMVNOW/img/csc 60exT.jpg
2013.02.20 10:19 B X:\Inetpub\DMVNew\img\csc\60inF.jpg --> webftp /shared/WebServices/DMVNEW-DMVNOW/img/csc 60inF.jpg
2013.02.20 10:19 B X:\Inetpub\DMVNew\img\csc\60inT.jpg --> webftp /shared/WebServices/DMVNEW-DMVNOW/img/csc 60inT.jpg
2013.02.20 10:19 B X:\Inetpub\DMVNew\img\csc\61exF.jpg --> webftp /shared/WebServices/DMVNEW-DMVNOW/img/csc 61exF.jpg
2013.02.20 10:19 B X:\Inetpub\DMVNew\img\csc\61exT.jpg --> webftp /shared/WebServices/DMVNEW-DMVNOW/img/csc 61exT.jpg
2013.02.20 10:19 B X:\Inetpub\DMVNew\img\csc\61inF.jpg --> webftp /shared/WebServices/DMVNEW-DMVNOW/img/csc 61inF.jpg
2013.02.20 10:19 B X:\Inetpub\DMVNew\img\csc\61inT.jpg --> webftp /shared/WebServices/DMVNEW-DMVNOW/img/csc 61inT.jpg
2013.02.20 10:19 B X:\Inetpub\DMVNew\img\csc\62exF.jpg --> webftp /shared/WebServices/DMVNEW-DMVNOW/img/csc 62exF.jpg
2013.02.20 10:19 B X:\Inetpub\DMVNew\img\csc\62exT.jpg --> webftp /shared/WebServices/DMVNEW-DMVNOW/img/csc 62exT.jpg
2013.02.20 10:19 B X:\Inetpub\DMVNew\img\csc\62inF.jpg --> webftp /shared/WebServices/DMVNEW-DMVNOW/img/csc 62inF.jpg
2013.02.20 10:19 B X:\Inetpub\DMVNew\img\csc\62inT.jpg --> webftp /shared/WebServices/DMVNEW-DMVNOW/img/csc 62inT.jpg
2013.02.20 10:19 B X:\Inetpub\DMVNew\img\csc\63exF.jpg --> webftp /shared/WebServices/DMVNEW-DMVNOW/img/csc 63exF.jpg
2013.02.20 10:19 B X:\Inetpub\DMVNew\img\csc\63exT.jpg --> webftp /shared/WebServices/DMVNEW-DMVNOW/img/csc 63exT.jpg
2013.02.20 10:19 B X:\Inetpub\DMVNew\img\csc\63inF.jpg --> webftp /shared/WebServices/DMVNEW-DMVNOW/img/csc 63inF.jpg
2013.02.20 10:19 B X:\Inetpub\DMVNew\img\csc\63inT.jpg --> webftp /shared/WebServices/DMVNEW-DMVNOW/img/csc 63inT.jpg
2013.02.20 10:19 B X:\Inetpub\DMVNew\img\csc\64exF.jpg --> webftp /shared/WebServices/DMVNEW-DMVNOW/img/csc 64exF.jpg
2013.02.20 10:19 B X:\Inetpub\DMVNew\img\csc\64exT.jpg --> webftp /shared/WebServices/DMVNEW-DMVNOW/img/csc 64exT.jpg
2013.02.20 10:19 B X:\Inetpub\DMVNew\img\csc\64inF.jpg --> webftp /shared/WebServices/DMVNEW-DMVNOW/img/csc 64inF.jpg
2013.02.20 10:19 B X:\Inetpub\DMVNew\img\csc\64inT.jpg --> webftp /shared/WebServices/DMVNEW-DMVNOW/img/csc 64inT.jpg
2013.02.20 10:19 B X:\Inetpub\DMVNew\img\csc\65exF.jpg --> webftp /shared/WebServices/DMVNEW-DMVNOW/img/csc 65exF.jpg
2013.02.20 10:19 B X:\Inetpub\DMVNew\img\csc\65exT.jpg --> webftp /shared/WebServices/DMVNEW-DMVNOW/img/csc 65exT.jpg
2013.02.20 10:19 B X:\Inetpub\DMVNew\img\csc\65inF.jpg --> webftp /shared/WebServices/DMVNEW-DMVNOW/img/csc 65inF.jpg
2013.02.20 10:19 B X:\Inetpub\DMVNew\img\csc\65inT.jpg --> webftp /shared/WebServices/DMVNEW-DMVNOW/img/csc 65inT.jpg
2013.02.20 10:19 B X:\Inetpub\DMVNew\img\csc\66exF.jpg --> webftp /shared/WebServices/DMVNEW-DMVNOW/img/csc 66exF.jpg
2013.02.20 10:19 B X:\Inetpub\DMVNew\img\csc\66exT.jpg --> webftp /shared/WebServices/DMVNEW-DMVNOW/img/csc 66exT.jpg
2013.02.20 10:19 B X:\Inetpub\DMVNew\img\csc\66inF.jpg --> webftp /shared/WebServices/DMVNEW-DMVNOW/img/csc 66inF.jpg
2013.02.20 10:19 B X:\Inetpub\DMVNew\img\csc\66inT.jpg --> webftp /shared/WebServices/DMVNEW-DMVNOW/img/csc 66inT.jpg
2013.02.20 10:19 B X:\Inetpub\DMVNew\img\csc\67exF.jpg --> webftp /shared/WebServices/DMVNEW-DMVNOW/img/csc 67exF.jpg
2013.02.20 10:19 B X:\Inetpub\DMVNew\img\csc\67exT.jpg --> webftp /shared/WebServices/DMVNEW-DMVNOW/img/csc 67exT.jpg
2013.02.20 10:19 B X:\Inetpub\DMVNew\img\csc\67inF.jpg --> webftp /shared/WebServices/DMVNEW-DMVNOW/img/csc 67inF.jpg
2013.02.20 10:19 B X:\Inetpub\DMVNew\img\csc\67inT.jpg --> webftp /shared/WebServices/DMVNEW-DMVNOW/img/csc 67inT.jpg
2013.02.20 10:19 B X:\Inetpub\DMVNew\img\csc\68exF.jpg --> webftp /shared/WebServices/DMVNEW-DMVNOW/img/csc 68exF.jpg
2013.02.20 10:19 B X:\Inetpub\DMVNew\img\csc\68exT.jpg --> webftp /shared/WebServices/DMVNEW-DMVNOW/img/csc 68exT.jpg
2013.02.20 10:19 B X:\Inetpub\DMVNew\img\csc\68inF.jpg --> webftp /shared/WebServices/DMVNEW-DMVNOW/img/csc 68inF.jpg
2013.02.20 10:19 B X:\Inetpub\DMVNew\img\csc\68inT.jpg --> webftp /shared/WebServices/DMVNEW-DMVNOW/img/csc 68inT.jpg
2013.02.20 10:19 B X:\Inetpub\DMVNew\img\csc\69exF.jpg --> webftp /shared/WebServices/DMVNEW-DMVNOW/img/csc 69exF.jpg
2013.02.20 10:19 B X:\Inetpub\DMVNew\img\csc\69exT.jpg --> webftp /shared/WebServices/DMVNEW-DMVNOW/img/csc 69exT.jpg
2013.02.20 10:19 B X:\Inetpub\DMVNew\img\csc\69inF.jpg --> webftp /shared/WebServices/DMVNEW-DMVNOW/img/csc 69inF.jpg
2013.02.20 10:19 B X:\Inetpub\DMVNew\img\csc\69inT.jpg --> webftp /shared/WebServices/DMVNEW-DMVNOW/img/csc 69inT.jpg
2013.02.20 10:19 B X:\Inetpub\DMVNew\img\csc\6exF.jpg --> webftp /shared/WebServices/DMVNEW-DMVNOW/img/csc 6exF.jpg
2013.02.20 10:19 B X:\Inetpub\DMVNew\img\csc\6exT.jpg --> webftp /shared/WebServices/DMVNEW-DMVNOW/img/csc 6exT.jpg
2013.02.20 10:19 B X:\Inetpub\DMVNew\img\csc\6inF.jpg --> webftp /shared/WebServices/DMVNEW-DMVNOW/img/csc 6inF.jpg
2013.02.20 10:19 B X:\Inetpub\DMVNew\img\csc\6inT.jpg --> webftp /shared/WebServices/DMVNEW-DMVNOW/img/csc 6inT.jpg
2013.02.20 10:19 B X:\Inetpub\DMVNew\img\csc\70exF.jpg --> webftp /shared/WebServices/DMVNEW-DMVNOW/img/csc 70exF.jpg
2013.02.20 10:19 B X:\Inetpub\DMVNew\img\csc\70exT.jpg --> webftp /shared/WebServices/DMVNEW-DMVNOW/img/csc 70exT.jpg
2013.02.20 10:19 B X:\Inetpub\DMVNew\img\csc\70inF.jpg --> webftp /shared/WebServices/DMVNEW-DMVNOW/img/csc 70inF.jpg
2013.02.20 10:19 B X:\Inetpub\DMVNew\img\csc\70inT.jpg --> webftp /shared/WebServices/DMVNEW-DMVNOW/img/csc 70inT.jpg
2013.02.20 10:19 B X:\Inetpub\DMVNew\img\csc\71exF.jpg --> webftp /shared/WebServices/DMVNEW-DMVNOW/img/csc 71exF.jpg
2013.02.20 10:19 B X:\Inetpub\DMVNew\img\csc\71exT.jpg --> webftp /shared/WebServices/DMVNEW-DMVNOW/img/csc 71exT.jpg
2013.02.20 10:19 B X:\Inetpub\DMVNew\img\csc\71inF.jpg --> webftp /shared/WebServices/DMVNEW-DMVNOW/img/csc 71inF.jpg
2013.02.20 10:19 B X:\Inetpub\DMVNew\img\csc\71inT.jpg --> webftp /shared/WebServices/DMVNEW-DMVNOW/img/csc 71inT.jpg
2013.02.20 10:19 B X:\Inetpub\DMVNew\img\csc\72exF.jpg --> webftp /shared/WebServices/DMVNEW-DMVNOW/img/csc 72exF.jpg
2013.02.20 10:19 B X:\Inetpub\DMVNew\img\csc\72exT.jpg --> webftp /shared/WebServices/DMVNEW-DMVNOW/img/csc 72exT.jpg
2013.02.20 10:19 B X:\Inetpub\DMVNew\img\csc\72inF.jpg --> webftp /shared/WebServices/DMVNEW-DMVNOW/img/csc 72inF.jpg
2013.02.20 10:19 B X:\Inetpub\DMVNew\img\csc\72inT.jpg --> webftp /shared/WebServices/DMVNEW-DMVNOW/img/csc 72inT.jpg
2013.02.20 10:19 B X:\Inetpub\DMVNew\img\csc\74exF.jpg --> webftp /shared/WebServices/DMVNEW-DMVNOW/img/csc 74exF.jpg
2013.02.20 10:19 B X:\Inetpub\DMVNew\img\csc\74exT.jpg --> webftp /shared/WebServices/DMVNEW-DMVNOW/img/csc 74exT.jpg
2013.02.20 10:19 B X:\Inetpub\DMVNew\img\csc\74inF.jpg --> webftp /shared/WebServices/DMVNEW-DMVNOW/img/csc 74inF.jpg
2013.02.20 10:19 B X:\Inetpub\DMVNew\img\csc\74inT.jpg --> webftp /shared/WebServices/DMVNEW-DMVNOW/img/csc 74inT.jpg
2013.02.20 10:19 B X:\Inetpub\DMVNew\img\csc\75exF.jpg --> webftp /shared/WebServices/DMVNEW-DMVNOW/img/csc 75exF.jpg
2013.02.20 10:19 B X:\Inetpub\DMVNew\img\csc\75exT.jpg --> webftp /shared/WebServices/DMVNEW-DMVNOW/img/csc 75exT.jpg
2013.02.20 10:19 B X:\Inetpub\DMVNew\img\csc\75inF.jpg --> webftp /shared/WebServices/DMVNEW-DMVNOW/img/csc 75inF.jpg
2013.02.20 10:19 B X:\Inetpub\DMVNew\img\csc\75inT.jpg --> webftp /shared/WebServices/DMVNEW-DMVNOW/img/csc 75inT.jpg
2013.02.20 10:19 B X:\Inetpub\DMVNew\img\csc\77exF.jpg --> webftp /shared/WebServices/DMVNEW-DMVNOW/img/csc 77exF.jpg
2013.02.20 10:19 B X:\Inetpub\DMVNew\img\csc\77exT.jpg --> webftp /shared/WebServices/DMVNEW-DMVNOW/img/csc 77exT.jpg
2013.02.20 10:19 B X:\Inetpub\DMVNew\img\csc\77inF.jpg --> webftp /shared/WebServices/DMVNEW-DMVNOW/img/csc 77inF.jpg
2013.02.20 10:19 B X:\Inetpub\DMVNew\img\csc\77inT.jpg --> webftp /shared/WebServices/DMVNEW-DMVNOW/img/csc 77inT.jpg
2013.02.20 10:20 B X:\Inetpub\DMVNew\img\csc\78exF.jpg --> webftp /shared/WebServices/DMVNEW-DMVNOW/img/csc 78exF.jpg
2013.02.20 10:20 B X:\Inetpub\DMVNew\img\csc\78exT.jpg --> webftp /shared/WebServices/DMVNEW-DMVNOW/img/csc 78exT.jpg
2013.02.20 10:20 B X:\Inetpub\DMVNew\img\csc\78inF.jpg --> webftp /shared/WebServices/DMVNEW-DMVNOW/img/csc 78inF.jpg
2013.02.20 10:20 B X:\Inetpub\DMVNew\img\csc\78inT.jpg --> webftp /shared/WebServices/DMVNEW-DMVNOW/img/csc 78inT.jpg
2013.02.20 10:20 B X:\Inetpub\DMVNew\img\csc\79exF.jpg --> webftp /shared/WebServices/DMVNEW-DMVNOW/img/csc 79exF.jpg
2013.02.20 10:20 B X:\Inetpub\DMVNew\img\csc\79exT.jpg --> webftp /shared/WebServices/DMVNEW-DMVNOW/img/csc 79exT.jpg
2013.02.20 10:20 B X:\Inetpub\DMVNew\img\csc\79inF.jpg --> webftp /shared/WebServices/DMVNEW-DMVNOW/img/csc 79inF.jpg
2013.02.20 10:20 B X:\Inetpub\DMVNew\img\csc\79inT.jpg --> webftp /shared/WebServices/DMVNEW-DMVNOW/img/csc 79inT.jpg
2013.02.20 10:20 B X:\Inetpub\DMVNew\img\csc\7exF.jpg --> webftp /shared/WebServices/DMVNEW-DMVNOW/img/csc 7exF.jpg
2013.02.20 10:20 B X:\Inetpub\DMVNew\img\csc\7exT.jpg --> webftp /shared/WebServices/DMVNEW-DMVNOW/img/csc 7exT.jpg
2013.02.20 10:20 B X:\Inetpub\DMVNew\img\csc\7inF.jpg --> webftp /shared/WebServices/DMVNEW-DMVNOW/img/csc 7inF.jpg
2013.02.20 10:20 B X:\Inetpub\DMVNew\img\csc\7inT.jpg --> webftp /shared/WebServices/DMVNEW-DMVNOW/img/csc 7inT.jpg
2013.02.20 10:20 B X:\Inetpub\DMVNew\img\csc\80exF.jpg --> webftp /shared/WebServices/DMVNEW-DMVNOW/img/csc 80exF.jpg
2013.02.20 10:20 B X:\Inetpub\DMVNew\img\csc\80exT.jpg --> webftp /shared/WebServices/DMVNEW-DMVNOW/img/csc 80exT.jpg
2013.02.20 10:20 B X:\Inetpub\DMVNew\img\csc\80inF.jpg --> webftp /shared/WebServices/DMVNEW-DMVNOW/img/csc 80inF.jpg
2013.02.20 10:20 B X:\Inetpub\DMVNew\img\csc\80inT.jpg --> webftp /shared/WebServices/DMVNEW-DMVNOW/img/csc 80inT.jpg
2013.02.20 10:20 B X:\Inetpub\DMVNew\img\csc\82exF.jpg --> webftp /shared/WebServices/DMVNEW-DMVNOW/img/csc 82exF.jpg
2013.02.20 10:20 B X:\Inetpub\DMVNew\img\csc\82exT.jpg --> webftp /shared/WebServices/DMVNEW-DMVNOW/img/csc 82exT.jpg
2013.02.20 10:20 B X:\Inetpub\DMVNew\img\csc\82inF.jpg --> webftp /shared/WebServices/DMVNEW-DMVNOW/img/csc 82inF.jpg
2013.02.20 10:20 B X:\Inetpub\DMVNew\img\csc\82inT.jpg --> webftp /shared/WebServices/DMVNEW-DMVNOW/img/csc 82inT.jpg
2013.02.20 10:20 B X:\Inetpub\DMVNew\img\csc\83exF.jpg --> webftp /shared/WebServices/DMVNEW-DMVNOW/img/csc 83exF.jpg
2013.02.20 10:20 B X:\Inetpub\DMVNew\img\csc\83exT.jpg --> webftp /shared/WebServices/DMVNEW-DMVNOW/img/csc 83exT.jpg
2013.02.20 10:20 B X:\Inetpub\DMVNew\img\csc\83inF.jpg --> webftp /shared/WebServices/DMVNEW-DMVNOW/img/csc 83inF.jpg
2013.02.20 10:20 B X:\Inetpub\DMVNew\img\csc\83inT.jpg --> webftp /shared/WebServices/DMVNEW-DMVNOW/img/csc 83inT.jpg
2013.02.20 10:20 B X:\Inetpub\DMVNew\img\csc\85exF.jpg --> webftp /shared/WebServices/DMVNEW-DMVNOW/img/csc 85exF.jpg
2013.02.20 10:20 B X:\Inetpub\DMVNew\img\csc\85exT.jpg --> webftp /shared/WebServices/DMVNEW-DMVNOW/img/csc 85exT.jpg
2013.02.20 10:20 B X:\Inetpub\DMVNew\img\csc\85inF.jpg --> webftp /shared/WebServices/DMVNEW-DMVNOW/img/csc 85inF.jpg
2013.02.20 10:20 B X:\Inetpub\DMVNew\img\csc\85inT.jpg --> webftp /shared/WebServices/DMVNEW-DMVNOW/img/csc 85inT.jpg
2013.02.20 10:20 B X:\Inetpub\DMVNew\img\csc\86exF.jpg --> webftp /shared/WebServices/DMVNEW-DMVNOW/img/csc 86exF.jpg
2013.02.20 10:20 B X:\Inetpub\DMVNew\img\csc\86exT.jpg --> webftp /shared/WebServices/DMVNEW-DMVNOW/img/csc 86exT.jpg
2013.02.20 10:20 B X:\Inetpub\DMVNew\img\csc\86inF.jpg --> webftp /shared/WebServices/DMVNEW-DMVNOW/img/csc 86inF.jpg
2013.02.20 10:20 B X:\Inetpub\DMVNew\img\csc\86inT.jpg --> webftp /shared/WebServices/DMVNEW-DMVNOW/img/csc 86inT.jpg
2013.02.20 10:20 B X:\Inetpub\DMVNew\img\csc\88exF.jpg --> webftp /shared/WebServices/DMVNEW-DMVNOW/img/csc 88exF.jpg
2013.02.20 10:20 B X:\Inetpub\DMVNew\img\csc\88exT.jpg --> webftp /shared/WebServices/DMVNEW-DMVNOW/img/csc 88exT.jpg
2013.02.20 10:20 B X:\Inetpub\DMVNew\img\csc\88inF.jpg --> webftp /shared/WebServices/DMVNEW-DMVNOW/img/csc 88inF.jpg
2013.02.20 10:20 B X:\Inetpub\DMVNew\img\csc\88inT.jpg --> webftp /shared/WebServices/DMVNEW-DMVNOW/img/csc 88inT.jpg
2013.02.20 10:20 B X:\Inetpub\DMVNew\img\csc\89exF.jpg --> webftp /shared/WebServices/DMVNEW-DMVNOW/img/csc 89exF.jpg
2013.02.20 10:20 B X:\Inetpub\DMVNew\img\csc\89exT.jpg --> webftp /shared/WebServices/DMVNEW-DMVNOW/img/csc 89exT.jpg
2013.02.20 10:20 B X:\Inetpub\DMVNew\img\csc\89inF.jpg --> webftp /shared/WebServices/DMVNEW-DMVNOW/img/csc 89inF.jpg
2013.02.20 10:20 B X:\Inetpub\DMVNew\img\csc\89inT.jpg --> webftp /shared/WebServices/DMVNEW-DMVNOW/img/csc 89inT.jpg
2013.02.20 10:20 B X:\Inetpub\DMVNew\img\csc\8exF.jpg --> webftp /shared/WebServices/DMVNEW-DMVNOW/img/csc 8exF.jpg
2013.02.20 10:20 B X:\Inetpub\DMVNew\img\csc\8exT.jpg --> webftp /shared/WebServices/DMVNEW-DMVNOW/img/csc 8exT.jpg
2013.02.20 10:20 B X:\Inetpub\DMVNew\img\csc\8inF.jpg --> webftp /shared/WebServices/DMVNEW-DMVNOW/img/csc 8inF.jpg
2013.02.20 10:20 B X:\Inetpub\DMVNew\img\csc\8inT.jpg --> webftp /shared/WebServices/DMVNEW-DMVNOW/img/csc 8inT.jpg
2013.02.20 10:20 B X:\Inetpub\DMVNew\img\csc\90exF.jpg --> webftp /shared/WebServices/DMVNEW-DMVNOW/img/csc 90exF.jpg
2013.02.20 10:20 B X:\Inetpub\DMVNew\img\csc\90exT.jpg --> webftp /shared/WebServices/DMVNEW-DMVNOW/img/csc 90exT.jpg
2013.02.20 10:20 B X:\Inetpub\DMVNew\img\csc\90inF.jpg --> webftp /shared/WebServices/DMVNEW-DMVNOW/img/csc 90inF.jpg
2013.02.20 10:20 B X:\Inetpub\DMVNew\img\csc\90inT.jpg --> webftp /shared/WebServices/DMVNEW-DMVNOW/img/csc 90inT.jpg
2013.02.20 10:20 B X:\Inetpub\DMVNew\img\csc\91exF.jpg --> webftp /shared/WebServices/DMVNEW-DMVNOW/img/csc 91exF.jpg
2013.02.20 10:20 B X:\Inetpub\DMVNew\img\csc\91exT.jpg --> webftp /shared/WebServices/DMVNEW-DMVNOW/img/csc 91exT.jpg
2013.02.20 10:20 B X:\Inetpub\DMVNew\img\csc\91inF.jpg --> webftp /shared/WebServices/DMVNEW-DMVNOW/img/csc 91inF.jpg
2013.02.20 10:20 B X:\Inetpub\DMVNew\img\csc\91inT.jpg --> webftp /shared/WebServices/DMVNEW-DMVNOW/img/csc 91inT.jpg
2013.02.20 10:20 B X:\Inetpub\DMVNew\img\csc\92exF.jpg --> webftp /shared/WebServices/DMVNEW-DMVNOW/img/csc 92exF.jpg
2013.02.20 10:20 B X:\Inetpub\DMVNew\img\csc\92exT.jpg --> webftp /shared/WebServices/DMVNEW-DMVNOW/img/csc 92exT.jpg
2013.02.20 10:20 B X:\Inetpub\DMVNew\img\csc\92inF.jpg --> webftp /shared/WebServices/DMVNEW-DMVNOW/img/csc 92inF.jpg
2013.02.20 10:20 B X:\Inetpub\DMVNew\img\csc\92inT.jpg --> webftp /shared/WebServices/DMVNEW-DMVNOW/img/csc 92inT.jpg
2013.02.20 10:20 B X:\Inetpub\DMVNew\img\csc\93exF.jpg --> webftp /shared/WebServices/DMVNEW-DMVNOW/img/csc 93exF.jpg
2013.02.20 10:20 B X:\Inetpub\DMVNew\img\csc\93exT.jpg --> webftp /shared/WebServices/DMVNEW-DMVNOW/img/csc 93exT.jpg
2013.02.20 10:20 B X:\Inetpub\DMVNew\img\csc\93inF.jpg --> webftp /shared/WebServices/DMVNEW-DMVNOW/img/csc 93inF.jpg
2013.02.20 10:20 B X:\Inetpub\DMVNew\img\csc\93inT.jpg --> webftp /shared/WebServices/DMVNEW-DMVNOW/img/csc 93inT.jpg
2013.02.20 10:20 B X:\Inetpub\DMVNew\img\csc\94exF.jpg --> webftp /shared/WebServices/DMVNEW-DMVNOW/img/csc 94exF.jpg
2013.02.20 10:20 B X:\Inetpub\DMVNew\img\csc\94exT.jpg --> webftp /shared/WebServices/DMVNEW-DMVNOW/img/csc 94exT.jpg
2013.02.20 10:20 B X:\Inetpub\DMVNew\img\csc\94inF.jpg --> webftp /shared/WebServices/DMVNEW-DMVNOW/img/csc 94inF.jpg
2013.02.20 10:20 B X:\Inetpub\DMVNew\img\csc\94inT.jpg --> webftp /shared/WebServices/DMVNEW-DMVNOW/img/csc 94inT.jpg
2013.02.20 10:20 B X:\Inetpub\DMVNew\img\csc\95exF.jpg --> webftp /shared/WebServices/DMVNEW-DMVNOW/img/csc 95exF.jpg
2013.02.20 10:20 B X:\Inetpub\DMVNew\img\csc\95exT.jpg --> webftp /shared/WebServices/DMVNEW-DMVNOW/img/csc 95exT.jpg
2013.02.20 10:20 B X:\Inetpub\DMVNew\img\csc\95inF.jpg --> webftp /shared/WebServices/DMVNEW-DMVNOW/img/csc 95inF.jpg
2013.02.20 10:20 B X:\Inetpub\DMVNew\img\csc\95inT.jpg --> webftp /shared/WebServices/DMVNEW-DMVNOW/img/csc 95inT.jpg
2013.02.20 10:20 B X:\Inetpub\DMVNew\img\csc\96exF.jpg --> webftp /shared/WebServices/DMVNEW-DMVNOW/img/csc 96exF.jpg
2013.02.20 10:20 B X:\Inetpub\DMVNew\img\csc\96exT.jpg --> webftp /shared/WebServices/DMVNEW-DMVNOW/img/csc 96exT.jpg
2013.02.20 10:20 B X:\Inetpub\DMVNew\img\csc\96inF.jpg --> webftp /shared/WebServices/DMVNEW-DMVNOW/img/csc 96inF.jpg
2013.02.20 10:20 B X:\Inetpub\DMVNew\img\csc\96inT.jpg --> webftp /shared/WebServices/DMVNEW-DMVNOW/img/csc 96inT.jpg
2013.02.20 10:20 B X:\Inetpub\DMVNew\img\csc\97exF.jpg --> webftp /shared/WebServices/DMVNEW-DMVNOW/img/csc 97exF.jpg
2013.02.20 10:20 B X:\Inetpub\DMVNew\img\csc\97exT.jpg --> webftp /shared/WebServices/DMVNEW-DMVNOW/img/csc 97exT.jpg
2013.02.20 10:20 B X:\Inetpub\DMVNew\img\csc\97inF.jpg --> webftp /shared/WebServices/DMVNEW-DMVNOW/img/csc 97inF.jpg
2013.02.20 10:20 B X:\Inetpub\DMVNew\img\csc\97inT.jpg --> webftp /shared/WebServices/DMVNEW-DMVNOW/img/csc 97inT.jpg
2013.02.20 10:20 B X:\Inetpub\DMVNew\img\csc\98exF.jpg --> webftp /shared/WebServices/DMVNEW-DMVNOW/img/csc 98exF.jpg
2013.02.20 10:20 B X:\Inetpub\DMVNew\img\csc\98exT.jpg --> webftp /shared/WebServices/DMVNEW-DMVNOW/img/csc 98exT.jpg
2013.02.20 10:20 B X:\Inetpub\DMVNew\img\csc\98inF.jpg --> webftp /shared/WebServices/DMVNEW-DMVNOW/img/csc 98inF.jpg
2013.02.20 10:20 B X:\Inetpub\DMVNew\img\csc\98inT.jpg --> webftp /shared/WebServices/DMVNEW-DMVNOW/img/csc 98inT.jpg
2013.02.20 10:20 B X:\Inetpub\DMVNew\img\csc\abingd.jpg --> webftp /shared/WebServices/DMVNEW-DMVNOW/img/csc abingd.jpg
2013.02.20 10:20 B X:\Inetpub\DMVNew\img\csc\alexan.jpg --> webftp /shared/WebServices/DMVNEW-DMVNOW/img/csc alexan.jpg
2013.02.20 10:20 B X:\Inetpub\DMVNew\img\csc\altavi.jpg --> webftp /shared/WebServices/DMVNEW-DMVNOW/img/csc altavi.jpg
2013.02.20 10:20 B X:\Inetpub\DMVNew\img\csc\arling.jpg --> webftp /shared/WebServices/DMVNEW-DMVNOW/img/csc arling.jpg
2013.02.20 10:20 B X:\Inetpub\DMVNew\img\csc\bedfor.jpg --> webftp /shared/WebServices/DMVNEW-DMVNOW/img/csc bedfor.jpg
2013.02.20 10:20 B X:\Inetpub\DMVNew\img\csc\bristl.jpg --> webftp /shared/WebServices/DMVNEW-DMVNOW/img/csc bristl.jpg
2013.02.20 10:20 B X:\Inetpub\DMVNew\img\csc\bus.gif --> webftp /shared/WebServices/DMVNEW-DMVNOW/img/csc bus.gif
2013.02.20 10:20 B X:\Inetpub\DMVNew\img\csc\char1.jpg --> webftp /shared/WebServices/DMVNEW-DMVNOW/img/csc char1.jpg
2013.02.20 10:20 B X:\Inetpub\DMVNew\img\csc\char_grand.jpg --> webftp /shared/WebServices/DMVNEW-DMVNOW/img/csc char_grand.jpg
2013.02.20 10:20 B X:\Inetpub\DMVNew\img\csc\charlo.jpg --> webftp /shared/WebServices/DMVNEW-DMVNOW/img/csc charlo.jpg
2013.02.20 10:20 B X:\Inetpub\DMVNew\img\csc\charlo_grdbrk.jpg --> webftp /shared/WebServices/DMVNEW-DMVNOW/img/csc charlo_grdbrk.jpg
2013.02.20 10:20 B X:\Inetpub\DMVNew\img\csc\chesa.jpg --> webftp /shared/WebServices/DMVNEW-DMVNOW/img/csc chesa.jpg
2013.02.20 10:20 B X:\Inetpub\DMVNew\img\csc\chestr.jpg --> webftp /shared/WebServices/DMVNEW-DMVNOW/img/csc chestr.jpg
2013.02.20 10:20 B X:\Inetpub\DMVNew\img\csc\christ.jpg --> webftp /shared/WebServices/DMVNEW-DMVNOW/img/csc christ.jpg
2013.02.20 10:20 B X:\Inetpub\DMVNew\img\csc\chstrf.jpg --> webftp /shared/WebServices/DMVNEW-DMVNOW/img/csc chstrf.jpg
2013.02.20 10:20 B X:\Inetpub\DMVNew\img\csc\clintw.jpg --> webftp /shared/WebServices/DMVNEW-DMVNOW/img/csc clintw.jpg
2013.02.20 10:20 B X:\Inetpub\DMVNew\img\csc\closeoffice.gif --> webftp /shared/WebServices/DMVNEW-DMVNOW/img/csc closeoffice.gif
2013.02.20 10:20 B X:\Inetpub\DMVNew\img\csc\Completed.xnk --> webftp /shared/WebServices/DMVNEW-DMVNOW/img/csc Completed.xnk
2013.02.20 10:20 B X:\Inetpub\DMVNew\img\csc\court.jpg --> webftp /shared/WebServices/DMVNEW-DMVNOW/img/csc court.jpg
2013.02.20 10:20 B X:\Inetpub\DMVNew\img\csc\covin.jpg --> webftp /shared/WebServices/DMVNEW-DMVNOW/img/csc covin.jpg
2013.02.20 10:20 B X:\Inetpub\DMVNew\img\csc\csc.jpg --> webftp /shared/WebServices/DMVNEW-DMVNOW/img/csc csc.jpg
2013.02.20 10:20 B X:\Inetpub\DMVNew\img\csc\culpep.jpg --> webftp /shared/WebServices/DMVNEW-DMVNOW/img/csc culpep.jpg
2013.02.20 10:20 B X:\Inetpub\DMVNew\img\csc\current_time.gif --> webftp /shared/WebServices/DMVNEW-DMVNOW/img/csc current_time.gif
2013.02.20 10:20 B X:\Inetpub\DMVNew\img\csc\d1abingd.jpg --> webftp /shared/WebServices/DMVNEW-DMVNOW/img/csc d1abingd.jpg
2013.02.20 10:20 B X:\Inetpub\DMVNew\img\csc\d1bristl.jpg --> webftp /shared/WebServices/DMVNEW-DMVNOW/img/csc d1bristl.jpg
2013.02.20 10:20 B X:\Inetpub\DMVNew\img\csc\d1christ.jpg --> webftp /shared/WebServices/DMVNEW-DMVNOW/img/csc d1christ.jpg
2013.02.20 10:20 B X:\Inetpub\DMVNew\img\csc\d1clintw.jpg --> webftp /shared/WebServices/DMVNEW-DMVNOW/img/csc d1clintw.jpg
2013.02.20 10:20 B X:\Inetpub\DMVNew\img\csc\d1galax.jpg --> webftp /shared/WebServices/DMVNEW-DMVNOW/img/csc d1galax.jpg
2013.02.20 10:20 B X:\Inetpub\DMVNew\img\csc\d1gatect.jpg --> webftp /shared/WebServices/DMVNEW-DMVNOW/img/csc d1gatect.jpg
2013.02.20 10:20 B X:\Inetpub\DMVNew\img\csc\d1jonesv.jpg --> webftp /shared/WebServices/DMVNEW-DMVNOW/img/csc d1jonesv.jpg
2013.02.20 10:20 B X:\Inetpub\DMVNew\img\csc\d1lebann.jpg --> webftp /shared/WebServices/DMVNEW-DMVNOW/img/csc d1lebann.jpg
2013.02.20 10:20 B X:\Inetpub\DMVNew\img\csc\d1marion.jpg --> webftp /shared/WebServices/DMVNEW-DMVNOW/img/csc d1marion.jpg
2013.02.20 10:20 B X:\Inetpub\DMVNew\img\csc\d1norton.jpg --> webftp /shared/WebServices/DMVNEW-DMVNOW/img/csc d1norton.jpg
2013.02.20 10:20 B X:\Inetpub\DMVNew\img\csc\d1pulask.jpg --> webftp /shared/WebServices/DMVNEW-DMVNOW/img/csc d1pulask.jpg
2013.02.20 10:20 B X:\Inetpub\DMVNew\img\csc\d1tazewl.jpg --> webftp /shared/WebServices/DMVNEW-DMVNOW/img/csc d1tazewl.jpg
2013.02.20 10:20 B X:\Inetpub\DMVNew\img\csc\d1vansan.jpg --> webftp /shared/WebServices/DMVNEW-DMVNOW/img/csc d1vansan.jpg
2013.02.20 10:20 B X:\Inetpub\DMVNew\img\csc\d1wythev.jpg --> webftp /shared/WebServices/DMVNEW-DMVNOW/img/csc d1wythev.jpg
2013.02.20 10:20 B X:\Inetpub\DMVNew\img\csc\d2altavi.jpg --> webftp /shared/WebServices/DMVNEW-DMVNOW/img/csc d2altavi.jpg
2013.02.20 10:20 B X:\Inetpub\DMVNew\img\csc\d2altavs.jpg --> webftp /shared/WebServices/DMVNEW-DMVNOW/img/csc d2altavs.jpg
2013.02.20 10:20 B X:\Inetpub\DMVNew\img\csc\d2bedfor.jpg --> webftp /shared/WebServices/DMVNEW-DMVNOW/img/csc d2bedfor.jpg
2013.02.20 10:20 B X:\Inetpub\DMVNew\img\csc\d2covin.jpg --> webftp /shared/WebServices/DMVNEW-DMVNOW/img/csc d2covin.jpg
2013.02.20 10:20 B X:\Inetpub\DMVNew\img\csc\d2danvi.jpg --> webftp /shared/WebServices/DMVNEW-DMVNOW/img/csc d2danvi.jpg
2013.02.20 10:20 B X:\Inetpub\DMVNew\img\csc\d2lexin.jpg --> webftp /shared/WebServices/DMVNEW-DMVNOW/img/csc d2lexin.jpg
2013.02.20 10:20 B X:\Inetpub\DMVNew\img\csc\d2lynch.jpg --> webftp /shared/WebServices/DMVNEW-DMVNOW/img/csc d2lynch.jpg
2013.02.20 10:20 B X:\Inetpub\DMVNew\img\csc\d2marti.jpg --> webftp /shared/WebServices/DMVNEW-DMVNOW/img/csc d2marti.jpg
2013.02.20 10:20 B X:\Inetpub\DMVNew\img\csc\d2roano.jpg --> webftp /shared/WebServices/DMVNEW-DMVNOW/img/csc d2roano.jpg
2013.02.20 10:20 B X:\Inetpub\DMVNew\img\csc\d2rocky.jpg --> webftp /shared/WebServices/DMVNEW-DMVNOW/img/csc d2rocky.jpg
2013.02.20 10:20 B X:\Inetpub\DMVNew\img\csc\d2south.jpg --> webftp /shared/WebServices/DMVNEW-DMVNOW/img/csc d2south.jpg
2013.02.20 10:20 B X:\Inetpub\DMVNew\img\csc\d3charlo.jpg --> webftp /shared/WebServices/DMVNEW-DMVNOW/img/csc d3charlo.jpg
2013.02.20 10:20 B X:\Inetpub\DMVNew\img\csc\d3culpep.jpg --> webftp /shared/WebServices/DMVNEW-DMVNOW/img/csc d3culpep.jpg
2013.02.20 10:20 B X:\Inetpub\DMVNew\img\csc\d3fredbg.jpg --> webftp /shared/WebServices/DMVNEW-DMVNOW/img/csc d3fredbg.jpg
2013.02.20 10:20 B X:\Inetpub\DMVNew\img\csc\d3frontr.jpg --> webftp /shared/WebServices/DMVNEW-DMVNOW/img/csc d3frontr.jpg
2013.02.20 10:20 B X:\Inetpub\DMVNew\img\csc\d3harris.jpg --> webftp /shared/WebServices/DMVNEW-DMVNOW/img/csc d3harris.jpg
2013.02.20 10:20 B X:\Inetpub\DMVNew\img\csc\D3STAFFR.jpg --> webftp /shared/WebServices/DMVNEW-DMVNOW/img/csc D3STAFFR.jpg
2013.02.20 10:20 B X:\Inetpub\DMVNew\img\csc\d3staunt.jpg --> webftp /shared/WebServices/DMVNEW-DMVNOW/img/csc d3staunt.jpg
2013.02.20 10:20 B X:\Inetpub\DMVNew\img\csc\d3warren.jpg --> webftp /shared/WebServices/DMVNEW-DMVNOW/img/csc d3warren.jpg
2013.02.20 10:20 B X:\Inetpub\DMVNew\img\csc\d3waynes.jpg --> webftp /shared/WebServices/DMVNEW-DMVNOW/img/csc d3waynes.jpg
2013.02.20 10:20 B X:\Inetpub\DMVNew\img\csc\d3winche.jpg --> webftp /shared/WebServices/DMVNEW-DMVNOW/img/csc d3winche.jpg
2013.02.20 10:20 B X:\Inetpub\DMVNew\img\csc\d3woodst.jpg --> webftp /shared/WebServices/DMVNEW-DMVNOW/img/csc d3woodst.jpg
2013.02.20 10:20 B X:\Inetpub\DMVNew\img\csc\d4alexan.jpg --> webftp /shared/WebServices/DMVNEW-DMVNOW/img/csc d4alexan.jpg
2013.02.20 10:20 B X:\Inetpub\DMVNew\img\csc\d4arling.jpg --> webftp /shared/WebServices/DMVNEW-DMVNOW/img/csc d4arling.jpg
2013.02.20 10:20 B X:\Inetpub\DMVNew\img\csc\d4dalect.jpg --> webftp /shared/WebServices/DMVNEW-DMVNOW/img/csc d4dalect.jpg
2013.02.20 10:20 B X:\Inetpub\DMVNew\img\csc\d4fairok.jpg --> webftp /shared/WebServices/DMVNEW-DMVNOW/img/csc d4fairok.jpg
2013.02.20 10:20 B X:\Inetpub\DMVNew\img\csc\d4francn.jpg --> webftp /shared/WebServices/DMVNEW-DMVNOW/img/csc d4francn.jpg
2013.02.20 10:20 B X:\Inetpub\DMVNew\img\csc\d4leesbg.jpg --> webftp /shared/WebServices/DMVNEW-DMVNOW/img/csc d4leesbg.jpg
2013.02.20 10:20 B X:\Inetpub\DMVNew\img\csc\d4manass.jpg --> webftp /shared/WebServices/DMVNEW-DMVNOW/img/csc d4manass.jpg
2013.02.20 10:20 B X:\Inetpub\DMVNew\img\csc\d4penta.jpg --> webftp /shared/WebServices/DMVNEW-DMVNOW/img/csc d4penta.jpg
2013.02.20 10:20 B X:\Inetpub\DMVNew\img\csc\d4spring.jpg --> webftp /shared/WebServices/DMVNEW-DMVNOW/img/csc d4spring.jpg
2013.02.20 10:20 B X:\Inetpub\DMVNew\img\csc\d4sterln.jpg --> webftp /shared/WebServices/DMVNEW-DMVNOW/img/csc d4sterln.jpg
2013.02.20 10:20 B X:\Inetpub\DMVNew\img\csc\d4tysons.jpg --> webftp /shared/WebServices/DMVNEW-DMVNOW/img/csc d4tysons.jpg
2013.02.20 10:20 B X:\Inetpub\DMVNew\img\csc\d4westfl.jpg --> webftp /shared/WebServices/DMVNEW-DMVNOW/img/csc d4westfl.jpg
2013.02.20 10:20 B X:\Inetpub\DMVNew\img\csc\d5chestr.jpg --> webftp /shared/WebServices/DMVNEW-DMVNOW/img/csc d5chestr.jpg
2013.02.20 10:20 B X:\Inetpub\DMVNew\img\csc\d5chstrf.jpg --> webftp /shared/WebServices/DMVNEW-DMVNOW/img/csc d5chstrf.jpg
2013.02.20 10:20 B X:\Inetpub\DMVNew\img\csc\d5ehenri.jpg --> webftp /shared/WebServices/DMVNEW-DMVNOW/img/csc d5ehenri.jpg
2013.02.20 10:20 B X:\Inetpub\DMVNew\img\csc\d5empria.jpg --> webftp /shared/WebServices/DMVNEW-DMVNOW/img/csc d5empria.jpg
2013.02.20 10:20 B X:\Inetpub\DMVNew\img\csc\d5farmvl.jpg --> webftp /shared/WebServices/DMVNEW-DMVNOW/img/csc d5farmvl.jpg
2013.02.20 10:20 B X:\Inetpub\DMVNew\img\csc\d5hopew.jpg --> webftp /shared/WebServices/DMVNEW-DMVNOW/img/csc d5hopew.jpg
2013.02.20 10:20 B X:\Inetpub\DMVNew\img\csc\d5kilmar.jpg --> webftp /shared/WebServices/DMVNEW-DMVNOW/img/csc d5kilmar.jpg
2013.02.20 10:20 B X:\Inetpub\DMVNew\img\csc\d5nhenr.jpg --> webftp /shared/WebServices/DMVNEW-DMVNOW/img/csc d5nhenr.jpg
2013.02.20 10:20 B X:\Inetpub\DMVNew\img\csc\d5pburg.jpg --> webftp /shared/WebServices/DMVNEW-DMVNOW/img/csc d5pburg.jpg
2013.02.20 10:20 B X:\Inetpub\DMVNew\img\csc\d5richmd.jpg --> webftp /shared/WebServices/DMVNEW-DMVNOW/img/csc d5richmd.jpg
2013.02.20 10:20 B X:\Inetpub\DMVNew\img\csc\d5sthill.jpg --> webftp /shared/WebServices/DMVNEW-DMVNOW/img/csc d5sthill.jpg
2013.02.20 10:20 B X:\Inetpub\DMVNew\img\csc\d5tappah.jpg --> webftp /shared/WebServices/DMVNEW-DMVNOW/img/csc d5tappah.jpg
2013.02.20 10:20 B X:\Inetpub\DMVNew\img\csc\d5whenco.jpg --> webftp /shared/WebServices/DMVNEW-DMVNOW/img/csc d5whenco.jpg
2013.02.20 10:20 B X:\Inetpub\DMVNew\img\csc\d6chesa.jpg --> webftp /shared/WebServices/DMVNEW-DMVNOW/img/csc d6chesa.jpg
2013.02.20 10:20 B X:\Inetpub\DMVNew\img\csc\d6court.jpg --> webftp /shared/WebServices/DMVNEW-DMVNOW/img/csc d6court.jpg
2013.02.20 10:20 B X:\Inetpub\DMVNew\img\csc\d6glouc.jpg --> webftp /shared/WebServices/DMVNEW-DMVNOW/img/csc d6glouc.jpg
2013.02.20 10:20 B X:\Inetpub\DMVNew\img\csc\d6hampt.jpg --> webftp /shared/WebServices/DMVNEW-DMVNOW/img/csc d6hampt.jpg
2013.02.20 10:20 B X:\Inetpub\DMVNew\img\csc\d6hillt.jpg --> webftp /shared/WebServices/DMVNEW-DMVNOW/img/csc d6hillt.jpg
2013.02.20 10:20 B X:\Inetpub\DMVNew\img\csc\d6newpot.jpg --> webftp /shared/WebServices/DMVNEW-DMVNOW/img/csc d6newpot.jpg
2013.02.20 10:20 B X:\Inetpub\DMVNew\img\csc\d6normill.jpg --> webftp /shared/WebServices/DMVNEW-DMVNOW/img/csc d6normill.jpg
2013.02.20 10:20 B X:\Inetpub\DMVNew\img\csc\d6norwid.jpg --> webftp /shared/WebServices/DMVNEW-DMVNOW/img/csc d6norwid.jpg
2013.02.20 10:20 B X:\Inetpub\DMVNew\img\csc\d6onanco.jpg --> webftp /shared/WebServices/DMVNEW-DMVNOW/img/csc d6onanco.jpg
2013.02.20 10:20 B X:\Inetpub\DMVNew\img\csc\d6ports.jpg --> webftp /shared/WebServices/DMVNEW-DMVNOW/img/csc d6ports.jpg
2013.02.20 10:20 B X:\Inetpub\DMVNew\img\csc\d6smith.jpg --> webftp /shared/WebServices/DMVNEW-DMVNOW/img/csc d6smith.jpg
2013.02.20 10:20 B X:\Inetpub\DMVNew\img\csc\d6suffol.jpg --> webftp /shared/WebServices/DMVNEW-DMVNOW/img/csc d6suffol.jpg
2013.02.20 10:20 B X:\Inetpub\DMVNew\img\csc\d6vabuck.jpg --> webftp /shared/WebServices/DMVNEW-DMVNOW/img/csc d6vabuck.jpg
2013.02.20 10:20 B X:\Inetpub\DMVNew\img\csc\d6willia.jpg --> webftp /shared/WebServices/DMVNEW-DMVNOW/img/csc d6willia.jpg
2013.02.20 10:20 B X:\Inetpub\DMVNew\img\csc\dalect.jpg --> webftp /shared/WebServices/DMVNEW-DMVNOW/img/csc dalect.jpg
2013.02.20 10:20 B X:\Inetpub\DMVNew\img\csc\danvi.jpg --> webftp /shared/WebServices/DMVNEW-DMVNOW/img/csc danvi.jpg
2013.02.20 10:20 B X:\Inetpub\DMVNew\img\csc\ehenri.jpg --> webftp /shared/WebServices/DMVNEW-DMVNOW/img/csc ehenri.jpg
2013.02.20 10:20 B X:\Inetpub\DMVNew\img\csc\emp1.jpg --> webftp /shared/WebServices/DMVNEW-DMVNOW/img/csc emp1.jpg
2013.02.20 10:20 B X:\Inetpub\DMVNew\img\csc\emp618.jpg --> webftp /shared/WebServices/DMVNEW-DMVNOW/img/csc emp618.jpg
2013.02.20 10:20 B X:\Inetpub\DMVNew\img\csc\empgb1.jpg --> webftp /shared/WebServices/DMVNEW-DMVNOW/img/csc empgb1.jpg
2013.02.20 10:20 B X:\Inetpub\DMVNew\img\csc\empgb2.jpg --> webftp /shared/WebServices/DMVNEW-DMVNOW/img/csc empgb2.jpg
2013.02.20 10:20 B X:\Inetpub\DMVNew\img\csc\empria.jpg --> webftp /shared/WebServices/DMVNEW-DMVNOW/img/csc empria.jpg
2013.02.20 10:20 B X:\Inetpub\DMVNew\img\csc\empria_grdbrk.jpg --> webftp /shared/WebServices/DMVNEW-DMVNOW/img/csc empria_grdbrk.jpg
2013.02.20 10:20 B X:\Inetpub\DMVNew\img\csc\fairok.jpg --> webftp /shared/WebServices/DMVNEW-DMVNOW/img/csc fairok.jpg
2013.02.20 10:20 B X:\Inetpub\DMVNew\img\csc\farmvl.jpg --> webftp /shared/WebServices/DMVNEW-DMVNOW/img/csc farmvl.jpg
2013.02.20 10:20 B X:\Inetpub\DMVNew\img\csc\francn.jpg --> webftp /shared/WebServices/DMVNEW-DMVNOW/img/csc francn.jpg
2013.02.20 10:20 B X:\Inetpub\DMVNew\img\csc\fredbg.jpg --> webftp /shared/WebServices/DMVNEW-DMVNOW/img/csc fredbg.jpg
2013.02.20 10:20 B X:\Inetpub\DMVNew\img\csc\frontr.jpg --> webftp /shared/WebServices/DMVNEW-DMVNOW/img/csc frontr.jpg
2013.02.20 10:20 B X:\Inetpub\DMVNew\img\csc\galax.jpg --> webftp /shared/WebServices/DMVNEW-DMVNOW/img/csc galax.jpg
2013.02.20 10:20 B X:\Inetpub\DMVNew\img\csc\gatech.jpg --> webftp /shared/WebServices/DMVNEW-DMVNOW/img/csc gatech.jpg
2013.02.20 10:20 B X:\Inetpub\DMVNew\img\csc\gatect.jpg --> webftp /shared/WebServices/DMVNEW-DMVNOW/img/csc gatect.jpg
2013.02.20 10:20 B X:\Inetpub\DMVNew\img\csc\glouc.jpg --> webftp /shared/WebServices/DMVNEW-DMVNOW/img/csc glouc.jpg
2013.02.20 10:20 B X:\Inetpub\DMVNew\img\csc\grnd_cheak.jpg --> webftp /shared/WebServices/DMVNEW-DMVNOW/img/csc grnd_cheak.jpg
2013.02.20 10:20 B X:\Inetpub\DMVNew\img\csc\grnd_leesburg.jpg --> webftp /shared/WebServices/DMVNEW-DMVNOW/img/csc grnd_leesburg.jpg
2013.02.20 10:20 B X:\Inetpub\DMVNew\img\csc\hampt.jpg --> webftp /shared/WebServices/DMVNEW-DMVNOW/img/csc hampt.jpg
2013.02.20 10:20 B X:\Inetpub\DMVNew\img\csc\harris.jpg --> webftp /shared/WebServices/DMVNEW-DMVNOW/img/csc harris.jpg
2013.02.20 10:20 B X:\Inetpub\DMVNew\img\csc\harris_sketch.gif --> webftp /shared/WebServices/DMVNEW-DMVNOW/img/csc harris_sketch.gif
2013.02.20 10:20 B X:\Inetpub\DMVNew\img\csc\harurg_grdbrk.jpg --> webftp /shared/WebServices/DMVNEW-DMVNOW/img/csc harurg_grdbrk.jpg
2013.02.20 10:20 B X:\Inetpub\DMVNew\img\csc\hillt.jpg --> webftp /shared/WebServices/DMVNEW-DMVNOW/img/csc hillt.jpg
2013.02.20 10:20 B X:\Inetpub\DMVNew\img\csc\hopew.jpg --> webftp /shared/WebServices/DMVNEW-DMVNOW/img/csc hopew.jpg
2013.02.20 10:20 B X:\Inetpub\DMVNew\img\csc\jonesv.jpg --> webftp /shared/WebServices/DMVNEW-DMVNOW/img/csc jonesv.jpg
2013.02.20 10:20 B X:\Inetpub\DMVNew\img\csc\kats.jpg --> webftp /shared/WebServices/DMVNEW-DMVNOW/img/csc kats.jpg
2013.02.20 10:20 B X:\Inetpub\DMVNew\img\csc\kilmar.jpg --> webftp /shared/WebServices/DMVNEW-DMVNOW/img/csc kilmar.jpg
2013.02.20 10:20 B X:\Inetpub\DMVNew\img\csc\lebann.jpg --> webftp /shared/WebServices/DMVNEW-DMVNOW/img/csc lebann.jpg
2013.02.20 10:20 B X:\Inetpub\DMVNew\img\csc\leesbg.jpg --> webftp /shared/WebServices/DMVNEW-DMVNOW/img/csc leesbg.jpg
2013.02.20 10:20 B X:\Inetpub\DMVNew\img\csc\lexin.jpg --> webftp /shared/WebServices/DMVNEW-DMVNOW/img/csc lexin.jpg
2013.02.20 10:20 B X:\Inetpub\DMVNew\img\csc\lynch.jpg --> webftp /shared/WebServices/DMVNEW-DMVNOW/img/csc lynch.jpg
2013.02.20 10:20 B X:\Inetpub\DMVNew\img\csc\manass.jpg --> webftp /shared/WebServices/DMVNEW-DMVNOW/img/csc manass.jpg
2013.02.20 10:20 B X:\Inetpub\DMVNew\img\csc\marion.jpg --> webftp /shared/WebServices/DMVNEW-DMVNOW/img/csc marion.jpg
2013.02.20 10:20 B X:\Inetpub\DMVNew\img\csc\marti.jpg --> webftp /shared/WebServices/DMVNEW-DMVNOW/img/csc marti.jpg
2013.02.20 10:20 B X:\Inetpub\DMVNew\img\csc\newharurg.jpg --> webftp /shared/WebServices/DMVNEW-DMVNOW/img/csc newharurg.jpg
2013.02.20 10:20 B X:\Inetpub\DMVNew\img\csc\newpeturg.jpg --> webftp /shared/WebServices/DMVNEW-DMVNOW/img/csc newpeturg.jpg
2013.02.20 10:20 B X:\Inetpub\DMVNew\img\csc\newpeturg2.jpg --> webftp /shared/WebServices/DMVNEW-DMVNOW/img/csc newpeturg2.jpg
2013.02.20 10:20 B X:\Inetpub\DMVNew\img\csc\newpot.jpg --> webftp /shared/WebServices/DMVNEW-DMVNOW/img/csc newpot.jpg
2013.02.20 10:20 B X:\Inetpub\DMVNew\img\csc\newstaff.jpg --> webftp /shared/WebServices/DMVNEW-DMVNOW/img/csc newstaff.jpg
2013.02.20 10:20 B X:\Inetpub\DMVNew\img\csc\nhenr.jpg --> webftp /shared/WebServices/DMVNEW-DMVNOW/img/csc nhenr.jpg
2013.02.20 10:20 B X:\Inetpub\DMVNew\img\csc\nopic.gif --> webftp /shared/WebServices/DMVNEW-DMVNOW/img/csc nopic.gif
2013.02.20 10:20 B X:\Inetpub\DMVNew\img\csc\normill.jpg --> webftp /shared/WebServices/DMVNEW-DMVNOW/img/csc normill.jpg
2013.02.20 10:20 B X:\Inetpub\DMVNew\img\csc\norton.jpg --> webftp /shared/WebServices/DMVNEW-DMVNOW/img/csc norton.jpg
2013.02.20 10:20 B X:\Inetpub\DMVNew\img\csc\norwid.jpg --> webftp /shared/WebServices/DMVNEW-DMVNOW/img/csc norwid.jpg
2013.02.20 10:20 B X:\Inetpub\DMVNew\img\csc\onanco.jpg --> webftp /shared/WebServices/DMVNEW-DMVNOW/img/csc onanco.jpg
2013.02.20 10:20 B X:\Inetpub\DMVNew\img\csc\pburg.jpg --> webftp /shared/WebServices/DMVNEW-DMVNOW/img/csc pburg.jpg
2013.02.20 10:20 B X:\Inetpub\DMVNew\img\csc\ports.jpg --> webftp /shared/WebServices/DMVNEW-DMVNOW/img/csc ports.jpg
2013.02.20 10:20 B X:\Inetpub\DMVNew\img\csc\pulask.jpg --> webftp /shared/WebServices/DMVNEW-DMVNOW/img/csc pulask.jpg
2013.02.20 10:20 B X:\Inetpub\DMVNew\img\csc\q-matic.gif --> webftp /shared/WebServices/DMVNEW-DMVNOW/img/csc q-matic.gif
2013.02.20 10:20 B X:\Inetpub\DMVNew\img\csc\richmd.jpg --> webftp /shared/WebServices/DMVNEW-DMVNOW/img/csc richmd.jpg
2013.02.20 10:20 B X:\Inetpub\DMVNew\img\csc\roadcond.gif --> webftp /shared/WebServices/DMVNEW-DMVNOW/img/csc roadcond.gif
2013.02.20 10:20 B X:\Inetpub\DMVNew\img\csc\roano.jpg --> webftp /shared/WebServices/DMVNEW-DMVNOW/img/csc roano.jpg
2013.02.20 10:20 B X:\Inetpub\DMVNew\img\csc\roanoke_exterior.jpg --> webftp /shared/WebServices/DMVNEW-DMVNOW/img/csc roanoke_exterior.jpg
2013.02.20 10:20 B X:\Inetpub\DMVNew\img\csc\rocky.jpg --> webftp /shared/WebServices/DMVNEW-DMVNOW/img/csc rocky.jpg
2013.02.20 10:20 B X:\Inetpub\DMVNew\img\csc\sktch_purg.gif --> webftp /shared/WebServices/DMVNEW-DMVNOW/img/csc sktch_purg.gif
2013.02.20 10:20 B X:\Inetpub\DMVNew\img\csc\smith.jpg --> webftp /shared/WebServices/DMVNEW-DMVNOW/img/csc smith.jpg
2013.02.20 10:20 B X:\Inetpub\DMVNew\img\csc\snc_sket.jpg --> webftp /shared/WebServices/DMVNEW-DMVNOW/img/csc snc_sket.jpg
2013.02.20 10:20 B X:\Inetpub\DMVNew\img\csc\south.jpg --> webftp /shared/WebServices/DMVNEW-DMVNOW/img/csc south.jpg
2013.02.20 10:20 B X:\Inetpub\DMVNew\img\csc\space.gif --> webftp /shared/WebServices/DMVNEW-DMVNOW/img/csc space.gif
2013.02.20 10:21 B X:\Inetpub\DMVNew\img\csc\spring.jpg --> webftp /shared/WebServices/DMVNEW-DMVNOW/img/csc spring.jpg
2013.02.20 10:21 B X:\Inetpub\DMVNew\img\csc\staffr.jpg --> webftp /shared/WebServices/DMVNEW-DMVNOW/img/csc staffr.jpg
2013.02.20 10:21 B X:\Inetpub\DMVNew\img\csc\staunt.jpg --> webftp /shared/WebServices/DMVNEW-DMVNOW/img/csc staunt.jpg
2013.02.20 10:21 B X:\Inetpub\DMVNew\img\csc\sterln.jpg --> webftp /shared/WebServices/DMVNEW-DMVNOW/img/csc sterln.jpg
2013.02.20 10:21 B X:\Inetpub\DMVNew\img\csc\sthill.jpg --> webftp /shared/WebServices/DMVNEW-DMVNOW/img/csc sthill.jpg
2013.02.20 10:21 B X:\Inetpub\DMVNew\img\csc\suffol.jpg --> webftp /shared/WebServices/DMVNEW-DMVNOW/img/csc suffol.jpg
2013.02.20 10:21 B X:\Inetpub\DMVNew\img\csc\tappah.jpg --> webftp /shared/WebServices/DMVNEW-DMVNOW/img/csc tappah.jpg
2013.02.20 10:21 B X:\Inetpub\DMVNew\img\csc\tazewl.jpg --> webftp /shared/WebServices/DMVNEW-DMVNOW/img/csc tazewl.jpg
2013.02.20 10:21 B X:\Inetpub\DMVNew\img\csc\Thumbs.db --> webftp /shared/WebServices/DMVNEW-DMVNOW/img/csc Thumbs.db
2013.02.20 10:21 B X:\Inetpub\DMVNew\img\csc\tysons.jpg --> webftp /shared/WebServices/DMVNEW-DMVNOW/img/csc tysons.jpg
2013.02.20 10:21 B X:\Inetpub\DMVNew\img\csc\vabuck.jpg --> webftp /shared/WebServices/DMVNEW-DMVNOW/img/csc vabuck.jpg
2013.02.20 10:21 B X:\Inetpub\DMVNew\img\csc\vansan.jpg --> webftp /shared/WebServices/DMVNEW-DMVNOW/img/csc vansan.jpg
2013.02.20 10:21 B X:\Inetpub\DMVNew\img\csc\warren.jpg --> webftp /shared/WebServices/DMVNEW-DMVNOW/img/csc warren.jpg
2013.02.20 10:21 B X:\Inetpub\DMVNew\img\csc\waynes.jpg --> webftp /shared/WebServices/DMVNEW-DMVNOW/img/csc waynes.jpg
2013.02.20 10:21 B X:\Inetpub\DMVNew\img\csc\westfl.jpg --> webftp /shared/WebServices/DMVNEW-DMVNOW/img/csc westfl.jpg
2013.02.20 10:21 B X:\Inetpub\DMVNew\img\csc\whenco.jpg --> webftp /shared/WebServices/DMVNEW-DMVNOW/img/csc whenco.jpg
2013.02.20 10:21 B X:\Inetpub\DMVNew\img\csc\willia.jpg --> webftp /shared/WebServices/DMVNEW-DMVNOW/img/csc willia.jpg
2013.02.20 10:21 B X:\Inetpub\DMVNew\img\csc\winche.jpg --> webftp /shared/WebServices/DMVNEW-DMVNOW/img/csc winche.jpg
2013.02.20 10:21 B X:\Inetpub\DMVNew\img\csc\woodbridge_registrar.jpg --> webftp /shared/WebServices/DMVNEW-DMVNOW/img/csc woodbridge_registrar.jpg
2013.02.20 10:21 B X:\Inetpub\DMVNew\img\csc\woodst.jpg --> webftp /shared/WebServices/DMVNEW-DMVNOW/img/csc woodst.jpg
2013.02.20 10:21 B X:\Inetpub\DMVNew\img\csc\WS_FTP.LOG --> webftp /shared/WebServices/DMVNEW-DMVNOW/img/csc WS_FTP.LOG
2013.02.20 10:21 B X:\Inetpub\DMVNew\img\csc\wythev.jpg --> webftp /shared/WebServices/DMVNEW-DMVNOW/img/csc wythev.jpg
2013.03.07 10:49 B X:\Inetpub\DMVNew\img\csc\132exF.jpg --> webftp /shared/WebServices/DMVNEW-DMVNOW/img/csc 132exF.jpg
2013.03.07 10:49 B X:\Inetpub\DMVNew\img\csc\132inF.jpg --> webftp /shared/WebServices/DMVNEW-DMVNOW/img/csc 132inF.jpg
2013.03.07 10:49 B X:\Inetpub\DMVNew\img\csc\138exF.jpg --> webftp /shared/WebServices/DMVNEW-DMVNOW/img/csc 138exF.jpg
2013.03.07 10:49 B X:\Inetpub\DMVNew\img\csc\138inF.jpg --> webftp /shared/WebServices/DMVNEW-DMVNOW/img/csc 138inF.jpg
2013.03.07 10:49 B X:\Inetpub\DMVNew\img\csc\97exF.jpg --> webftp /shared/WebServices/DMVNEW-DMVNOW/img/csc 97exF.jpg
2013.03.07 10:49 B X:\Inetpub\DMVNew\img\csc\97inF.jpg --> webftp /shared/WebServices/DMVNEW-DMVNOW/img/csc 97inF.jpg
2013.03.07 10:49 B X:\Inetpub\DMVNew\img\csc\WS_FTP.LOG --> webftp /shared/WebServices/DMVNEW-DMVNOW/img/csc WS_FTP.LOG
